<?xml version="1.0" encoding="UTF-8"?>
<testsuite xmlns:xsi="http://www.w3.org/2001/XMLSchema-instance" xsi:noNamespaceSchemaLocation="https://maven.apache.org/surefire/maven-surefire-plugin/xsd/surefire-test-report-3.0.xsd" version="3.0" name="com.example.frankenstein.security.SecurityIntegrationTest" time="0.996" tests="3" errors="0" skipped="0" failures="0">
  <properties>
[...]
</properties>
  <testcase name="shouldReturnUnauthorizedWhenDeleteWithoutToken" classname="com.example.frankenstein.security.SecurityIntegrationTest" time="0.127">
    <system-out><![CDATA[2026-05-20T12:39:19.498-03:00  INFO 17260 --- [frankenstein-monolith] [           main] t.c.s.AnnotationConfigContextLoaderUtils : Could not detect default configuration classes for test class [com.example.frankenstein.security.SecurityIntegrationTest]: SecurityIntegrationTest does not declare any static, non-private, non-final, nested classes annotated with @Configuration.
2026-05-20T12:39:19.506-03:00  INFO 17260 --- [frankenstein-monolith] [           main] .b.t.c.SpringBootTestContextBootstrapper : Found @SpringBootConfiguration com.example.frankenstein.FrankensteinApplication for test class com.example.frankenstein.security.SecurityIntegrationTest

  .   ____          _            __ _ _
 /\\ / ___'_ __ _ _(_)_ __  __ _ \ \ \ \
( ( )\___ | '_ | '_| | '_ \/ _` | \ \ \ \
 \\/  ___)| |_)| | | | | || (_| |  ) ) ) )
  '  |____| .__|_| |_|_| |_\__, | / / / /
 =========|_|==============|___/=/_/_/_/
 :: Spring Boot ::                (v3.2.4)

2026-05-20T12:39:19.525-03:00  INFO 17260 --- [frankenstein-monolith] [           main] c.e.f.security.SecurityIntegrationTest   : Starting SecurityIntegrationTest using Java 25.0.2 with PID 17260 (started by kali in c:\Users\kali\Documents\GitHub\backendAvancado\frankenstein-monolith)
2026-05-20T12:39:19.525-03:00  INFO 17260 --- [frankenstein-monolith] [           main] c.e.f.security.SecurityIntegrationTest   : The following 1 profile is active: "test"
2026-05-20T12:39:19.672-03:00  INFO 17260 --- [frankenstein-monolith] [           main] .s.d.r.c.RepositoryConfigurationDelegate : Bootstrapping Spring Data JPA repositories in DEFAULT mode.
2026-05-20T12:39:19.685-03:00  INFO 17260 --- [frankenstein-monolith] [           main] .s.d.r.c.RepositoryConfigurationDelegate : Finished Spring Data repository scanning in 12 ms. Found 3 JPA repository interfaces.
2026-05-20T12:39:19.734-03:00  INFO 17260 --- [frankenstein-monolith] [           main] o.hibernate.jpa.internal.util.LogHelper  : HHH000204: Processing PersistenceUnitInfo [name: default]
2026-05-20T12:39:19.737-03:00  INFO 17260 --- [frankenstein-monolith] [           main] o.h.c.internal.RegionFactoryInitiator    : HHH000026: Second-level cache disabled
2026-05-20T12:39:19.741-03:00  INFO 17260 --- [frankenstein-monolith] [           main] o.s.o.j.p.SpringPersistenceUnitInfo      : No LoadTimeWeaver setup: ignoring JPA class transformer
2026-05-20T12:39:19.742-03:00  INFO 17260 --- [frankenstein-monolith] [           main] com.zaxxer.hikari.HikariDataSource       : HikariPool-2 - Starting...
2026-05-20T12:39:19.743-03:00  INFO 17260 --- [frankenstein-monolith] [           main] com.zaxxer.hikari.pool.HikariPool        : HikariPool-2 - Added connection conn17: url=jdbc:h2:mem:testdb user=SA
2026-05-20T12:39:19.744-03:00  INFO 17260 --- [frankenstein-monolith] [           main] com.zaxxer.hikari.HikariDataSource       : HikariPool-2 - Start completed.
2026-05-20T12:39:19.744-03:00  WARN 17260 --- [frankenstein-monolith] [           main] org.hibernate.orm.deprecation            : HHH90000025: H2Dialect does not need to be specified explicitly using 'hibernate.dialect' (remove the property setting and it will be selected by default)
2026-05-20T12:39:19.788-03:00  INFO 17260 --- [frankenstein-monolith] [           main] o.h.e.t.j.p.i.JtaPlatformInitiator       : HHH000489: No JTA platform available (set 'hibernate.transaction.jta.platform' to enable JTA platform integration)
2026-05-20T12:39:19.789-03:00 DEBUG 17260 --- [frankenstein-monolith] [           main] org.hibernate.SQL                        : drop table if exists app_user cascade 
2026-05-20T12:39:19.789-03:00 DEBUG 17260 --- [frankenstein-monolith] [           main] org.hibernate.SQL                        : drop table if exists author cascade 
2026-05-20T12:39:19.791-03:00 DEBUG 17260 --- [frankenstein-monolith] [           main] org.hibernate.SQL                        : drop table if exists book cascade 
2026-05-20T12:39:19.791-03:00 DEBUG 17260 --- [frankenstein-monolith] [           main] org.hibernate.SQL                        : create table app_user (id bigint generated by default as identity, password varchar(255) not null, user_role varchar(255) not null check (user_role in ('ADMIN','USER')), username varchar(255) not null unique, primary key (id))
2026-05-20T12:39:19.793-03:00 DEBUG 17260 --- [frankenstein-monolith] [           main] org.hibernate.SQL                        : create table author (annual_income float(53), id bigint generated by default as identity, cpf varchar(255), name varchar(255), primary key (id))
2026-05-20T12:39:19.794-03:00 DEBUG 17260 --- [frankenstein-monolith] [           main] org.hibernate.SQL                        : create table book (author_id bigint, id bigint generated by default as identity, title varchar(255), primary key (id))
2026-05-20T12:39:19.795-03:00 DEBUG 17260 --- [frankenstein-monolith] [           main] org.hibernate.SQL                        : alter table if exists book add constraint FKklnrv3weler2ftkweewlky958 foreign key (author_id) references author
2026-05-20T12:39:19.796-03:00  INFO 17260 --- [frankenstein-monolith] [           main] j.LocalContainerEntityManagerFactoryBean : Initialized JPA EntityManagerFactory for persistence unit 'default'
2026-05-20T12:39:19.804-03:00  INFO 17260 --- [frankenstein-monolith] [           main] i.StatisticalLoggingSessionEventListener : Session Metrics {
    0 nanoseconds spent acquiring 0 JDBC connections;
    0 nanoseconds spent releasing 0 JDBC connections;
    0 nanoseconds spent preparing 0 JDBC statements;
    0 nanoseconds spent executing 0 JDBC statements;
    0 nanoseconds spent executing 0 JDBC batches;
    0 nanoseconds spent performing 0 L2C puts;
    0 nanoseconds spent performing 0 L2C hits;
    0 nanoseconds spent performing 0 L2C misses;
    0 nanoseconds spent executing 0 flushes (flushing a total of 0 entities and 0 collections);
    0 nanoseconds spent executing 0 partial-flushes (flushing a total of 0 entities and 0 collections)
}
2026-05-20T12:39:19.809-03:00  INFO 17260 --- [frankenstein-monolith] [           main] i.StatisticalLoggingSessionEventListener : Session Metrics {
    0 nanoseconds spent acquiring 0 JDBC connections;
    0 nanoseconds spent releasing 0 JDBC connections;
    0 nanoseconds spent preparing 0 JDBC statements;
    0 nanoseconds spent executing 0 JDBC statements;
    0 nanoseconds spent executing 0 JDBC batches;
    0 nanoseconds spent performing 0 L2C puts;
    0 nanoseconds spent performing 0 L2C hits;
    0 nanoseconds spent performing 0 L2C misses;
    0 nanoseconds spent executing 0 flushes (flushing a total of 0 entities and 0 collections);
    0 nanoseconds spent executing 0 partial-flushes (flushing a total of 0 entities and 0 collections)
}
2026-05-20T12:39:19.813-03:00  INFO 17260 --- [frankenstein-monolith] [           main] i.StatisticalLoggingSessionEventListener : Session Metrics {
    0 nanoseconds spent acquiring 0 JDBC connections;
    0 nanoseconds spent releasing 0 JDBC connections;
    0 nanoseconds spent preparing 0 JDBC statements;
    0 nanoseconds spent executing 0 JDBC statements;
    0 nanoseconds spent executing 0 JDBC batches;
    0 nanoseconds spent performing 0 L2C puts;
    0 nanoseconds spent performing 0 L2C hits;
    0 nanoseconds spent performing 0 L2C misses;
    0 nanoseconds spent executing 0 flushes (flushing a total of 0 entities and 0 collections);
    0 nanoseconds spent executing 0 partial-flushes (flushing a total of 0 entities and 0 collections)
}
2026-05-20T12:39:19.814-03:00  INFO 17260 --- [frankenstein-monolith] [           main] i.StatisticalLoggingSessionEventListener : Session Metrics {
    0 nanoseconds spent acquiring 0 JDBC connections;
    0 nanoseconds spent releasing 0 JDBC connections;
    0 nanoseconds spent preparing 0 JDBC statements;
    0 nanoseconds spent executing 0 JDBC statements;
    0 nanoseconds spent executing 0 JDBC batches;
    0 nanoseconds spent performing 0 L2C puts;
    0 nanoseconds spent performing 0 L2C hits;
    0 nanoseconds spent performing 0 L2C misses;
    0 nanoseconds spent executing 0 flushes (flushing a total of 0 entities and 0 collections);
    0 nanoseconds spent executing 0 partial-flushes (flushing a total of 0 entities and 0 collections)
}
2026-05-20T12:39:19.815-03:00  INFO 17260 --- [frankenstein-monolith] [           main] i.StatisticalLoggingSessionEventListener : Session Metrics {
    0 nanoseconds spent acquiring 0 JDBC connections;
    0 nanoseconds spent releasing 0 JDBC connections;
    0 nanoseconds spent preparing 0 JDBC statements;
    0 nanoseconds spent executing 0 JDBC statements;
    0 nanoseconds spent executing 0 JDBC batches;
    0 nanoseconds spent performing 0 L2C puts;
    0 nanoseconds spent performing 0 L2C hits;
    0 nanoseconds spent performing 0 L2C misses;
    0 nanoseconds spent executing 0 flushes (flushing a total of 0 entities and 0 collections);
    0 nanoseconds spent executing 0 partial-flushes (flushing a total of 0 entities and 0 collections)
}
2026-05-20T12:39:19.820-03:00  INFO 17260 --- [frankenstein-monolith] [           main] i.StatisticalLoggingSessionEventListener : Session Metrics {
    0 nanoseconds spent acquiring 0 JDBC connections;
    0 nanoseconds spent releasing 0 JDBC connections;
    0 nanoseconds spent preparing 0 JDBC statements;
    0 nanoseconds spent executing 0 JDBC statements;
    0 nanoseconds spent executing 0 JDBC batches;
    0 nanoseconds spent performing 0 L2C puts;
    0 nanoseconds spent performing 0 L2C hits;
    0 nanoseconds spent performing 0 L2C misses;
    0 nanoseconds spent executing 0 flushes (flushing a total of 0 entities and 0 collections);
    0 nanoseconds spent executing 0 partial-flushes (flushing a total of 0 entities and 0 collections)
}
2026-05-20T12:39:19.821-03:00  INFO 17260 --- [frankenstein-monolith] [           main] i.StatisticalLoggingSessionEventListener : Session Metrics {
    0 nanoseconds spent acquiring 0 JDBC connections;
    0 nanoseconds spent releasing 0 JDBC connections;
    0 nanoseconds spent preparing 0 JDBC statements;
    0 nanoseconds spent executing 0 JDBC statements;
    0 nanoseconds spent executing 0 JDBC batches;
    0 nanoseconds spent performing 0 L2C puts;
    0 nanoseconds spent performing 0 L2C hits;
    0 nanoseconds spent performing 0 L2C misses;
    0 nanoseconds spent executing 0 flushes (flushing a total of 0 entities and 0 collections);
    0 nanoseconds spent executing 0 partial-flushes (flushing a total of 0 entities and 0 collections)
}
2026-05-20T12:39:19.838-03:00  INFO 17260 --- [frankenstein-monolith] [           main] i.StatisticalLoggingSessionEventListener : Session Metrics {
    0 nanoseconds spent acquiring 0 JDBC connections;
    0 nanoseconds spent releasing 0 JDBC connections;
    0 nanoseconds spent preparing 0 JDBC statements;
    0 nanoseconds spent executing 0 JDBC statements;
    0 nanoseconds spent executing 0 JDBC batches;
    0 nanoseconds spent performing 0 L2C puts;
    0 nanoseconds spent performing 0 L2C hits;
    0 nanoseconds spent performing 0 L2C misses;
    0 nanoseconds spent executing 0 flushes (flushing a total of 0 entities and 0 collections);
    0 nanoseconds spent executing 0 partial-flushes (flushing a total of 0 entities and 0 collections)
}
2026-05-20T12:39:19.851-03:00  INFO 17260 --- [frankenstein-monolith] [           main] i.StatisticalLoggingSessionEventListener : Session Metrics {
    0 nanoseconds spent acquiring 0 JDBC connections;
    0 nanoseconds spent releasing 0 JDBC connections;
    0 nanoseconds spent preparing 0 JDBC statements;
    0 nanoseconds spent executing 0 JDBC statements;
    0 nanoseconds spent executing 0 JDBC batches;
    0 nanoseconds spent performing 0 L2C puts;
    0 nanoseconds spent performing 0 L2C hits;
    0 nanoseconds spent performing 0 L2C misses;
    0 nanoseconds spent executing 0 flushes (flushing a total of 0 entities and 0 collections);
    0 nanoseconds spent executing 0 partial-flushes (flushing a total of 0 entities and 0 collections)
}
2026-05-20T12:39:19.858-03:00  INFO 17260 --- [frankenstein-monolith] [           main] i.StatisticalLoggingSessionEventListener : Session Metrics {
    0 nanoseconds spent acquiring 0 JDBC connections;
    0 nanoseconds spent releasing 0 JDBC connections;
    0 nanoseconds spent preparing 0 JDBC statements;
    0 nanoseconds spent executing 0 JDBC statements;
    0 nanoseconds spent executing 0 JDBC batches;
    0 nanoseconds spent performing 0 L2C puts;
    0 nanoseconds spent performing 0 L2C hits;
    0 nanoseconds spent performing 0 L2C misses;
    0 nanoseconds spent executing 0 flushes (flushing a total of 0 entities and 0 collections);
    0 nanoseconds spent executing 0 partial-flushes (flushing a total of 0 entities and 0 collections)
}
2026-05-20T12:39:19.858-03:00  INFO 17260 --- [frankenstein-monolith] [           main] i.StatisticalLoggingSessionEventListener : Session Metrics {
    0 nanoseconds spent acquiring 0 JDBC connections;
    0 nanoseconds spent releasing 0 JDBC connections;
    0 nanoseconds spent preparing 0 JDBC statements;
    0 nanoseconds spent executing 0 JDBC statements;
    0 nanoseconds spent executing 0 JDBC batches;
    0 nanoseconds spent performing 0 L2C puts;
    0 nanoseconds spent performing 0 L2C hits;
    0 nanoseconds spent performing 0 L2C misses;
    0 nanoseconds spent executing 0 flushes (flushing a total of 0 entities and 0 collections);
    0 nanoseconds spent executing 0 partial-flushes (flushing a total of 0 entities and 0 collections)
}
2026-05-20T12:39:19.875-03:00  WARN 17260 --- [frankenstein-monolith] [           main] JpaBaseConfiguration$JpaWebConfiguration : spring.jpa.open-in-view is enabled by default. Therefore, database queries may be performed during view rendering. Explicitly configure spring.jpa.open-in-view to disable this warning
2026-05-20T12:39:19.911-03:00  INFO 17260 --- [frankenstein-monolith] [           main] o.s.s.web.DefaultSecurityFilterChain     : Will secure any request with [org.springframework.security.web.session.DisableEncodeUrlFilter@581cd446, org.springframework.security.web.context.request.async.WebAsyncManagerIntegrationFilter@545c3628, org.springframework.security.web.context.SecurityContextHolderFilter@6074f8f9, org.springframework.security.web.header.HeaderWriterFilter@3947bad4, org.springframework.web.filter.CorsFilter@64a552, org.springframework.security.web.authentication.logout.LogoutFilter@1fe275d8, com.example.frankenstein.config.JwtAuthenticationFilter@4151d8a3, org.springframework.security.web.savedrequest.RequestCacheAwareFilter@c083cec, org.springframework.security.web.servletapi.SecurityContextHolderAwareRequestFilter@81da6a3, org.springframework.security.web.authentication.AnonymousAuthenticationFilter@5d7a274e, org.springframework.security.web.session.SessionManagementFilter@64d691b2, org.springframework.security.web.access.ExceptionTranslationFilter@5e9650d3, org.springframework.security.web.access.intercept.AuthorizationFilter@370d49d1]
2026-05-20T12:39:19.943-03:00  INFO 17260 --- [frankenstein-monolith] [           main] o.s.b.a.h2.H2ConsoleAutoConfiguration    : H2 console available at '/h2-console'. Database available at 'jdbc:h2:mem:testdb'
2026-05-20T12:39:19.976-03:00  INFO 17260 --- [frankenstein-monolith] [           main] o.s.b.t.m.w.SpringBootMockServletContext : Initializing Spring TestDispatcherServlet ''
2026-05-20T12:39:19.976-03:00  INFO 17260 --- [frankenstein-monolith] [           main] o.s.t.web.servlet.TestDispatcherServlet  : Initializing Servlet ''
2026-05-20T12:39:19.977-03:00  INFO 17260 --- [frankenstein-monolith] [           main] o.s.t.web.servlet.TestDispatcherServlet  : Completed initialization in 1 ms
2026-05-20T12:39:19.981-03:00  INFO 17260 --- [frankenstein-monolith] [           main] c.e.f.security.SecurityIntegrationTest   : Started SecurityIntegrationTest in 0.471 seconds (process running for 8.226)
2026-05-20T12:39:19.987-03:00 DEBUG 17260 --- [frankenstein-monolith] [           main] org.hibernate.SQL                        : select a1_0.id,a1_0.annual_income,a1_0.cpf,a1_0.name from author a1_0
2026-05-20T12:39:20.000-03:00 DEBUG 17260 --- [frankenstein-monolith] [           main] org.hibernate.SQL                        : select b1_0.author_id,b1_0.id,b1_0.title from book b1_0 where b1_0.author_id=?
2026-05-20T12:39:20.002-03:00 TRACE 17260 --- [frankenstein-monolith] [           main] org.hibernate.orm.jdbc.bind              : binding parameter (1:BIGINT) <- [1]
2026-05-20T12:39:20.006-03:00 DEBUG 17260 --- [frankenstein-monolith] [           main] org.hibernate.SQL                        : select b1_0.author_id,b1_0.id,b1_0.title from book b1_0 where b1_0.author_id=?
2026-05-20T12:39:20.006-03:00 TRACE 17260 --- [frankenstein-monolith] [           main] org.hibernate.orm.jdbc.bind              : binding parameter (1:BIGINT) <- [2]
2026-05-20T12:39:20.012-03:00 DEBUG 17260 --- [frankenstein-monolith] [           main] org.hibernate.SQL                        : select b1_0.author_id,b1_0.id,b1_0.title from book b1_0 where b1_0.author_id=?
2026-05-20T12:39:20.013-03:00 TRACE 17260 --- [frankenstein-monolith] [           main] org.hibernate.orm.jdbc.bind              : binding parameter (1:BIGINT) <- [3]
2026-05-20T12:39:20.013-03:00 DEBUG 17260 --- [frankenstein-monolith] [           main] org.hibernate.SQL                        : select b1_0.author_id,b1_0.id,b1_0.title from book b1_0 where b1_0.author_id=?
2026-05-20T12:39:20.013-03:00 TRACE 17260 --- [frankenstein-monolith] [           main] org.hibernate.orm.jdbc.bind              : binding parameter (1:BIGINT) <- [4]
2026-05-20T12:39:20.015-03:00 DEBUG 17260 --- [frankenstein-monolith] [           main] org.hibernate.SQL                        : select b1_0.author_id,b1_0.id,b1_0.title from book b1_0 where b1_0.author_id=?
2026-05-20T12:39:20.015-03:00 TRACE 17260 --- [frankenstein-monolith] [           main] org.hibernate.orm.jdbc.bind              : binding parameter (1:BIGINT) <- [5]
2026-05-20T12:39:20.016-03:00 DEBUG 17260 --- [frankenstein-monolith] [           main] org.hibernate.SQL                        : select b1_0.author_id,b1_0.id,b1_0.title from book b1_0 where b1_0.author_id=?
2026-05-20T12:39:20.016-03:00 TRACE 17260 --- [frankenstein-monolith] [           main] org.hibernate.orm.jdbc.bind              : binding parameter (1:BIGINT) <- [6]
2026-05-20T12:39:20.017-03:00 DEBUG 17260 --- [frankenstein-monolith] [           main] org.hibernate.SQL                        : select b1_0.author_id,b1_0.id,b1_0.title from book b1_0 where b1_0.author_id=?
2026-05-20T12:39:20.017-03:00 TRACE 17260 --- [frankenstein-monolith] [           main] org.hibernate.orm.jdbc.bind              : binding parameter (1:BIGINT) <- [7]
2026-05-20T12:39:20.017-03:00 DEBUG 17260 --- [frankenstein-monolith] [           main] org.hibernate.SQL                        : select b1_0.author_id,b1_0.id,b1_0.title from book b1_0 where b1_0.author_id=?
2026-05-20T12:39:20.017-03:00 TRACE 17260 --- [frankenstein-monolith] [           main] org.hibernate.orm.jdbc.bind              : binding parameter (1:BIGINT) <- [8]
2026-05-20T12:39:20.018-03:00 DEBUG 17260 --- [frankenstein-monolith] [           main] org.hibernate.SQL                        : select b1_0.author_id,b1_0.id,b1_0.title from book b1_0 where b1_0.author_id=?
2026-05-20T12:39:20.018-03:00 TRACE 17260 --- [frankenstein-monolith] [           main] org.hibernate.orm.jdbc.bind              : binding parameter (1:BIGINT) <- [9]
2026-05-20T12:39:20.018-03:00 DEBUG 17260 --- [frankenstein-monolith] [           main] org.hibernate.SQL                        : select b1_0.author_id,b1_0.id,b1_0.title from book b1_0 where b1_0.author_id=?
2026-05-20T12:39:20.018-03:00 TRACE 17260 --- [frankenstein-monolith] [           main] org.hibernate.orm.jdbc.bind              : binding parameter (1:BIGINT) <- [10]
2026-05-20T12:39:20.019-03:00 DEBUG 17260 --- [frankenstein-monolith] [           main] org.hibernate.SQL                        : select b1_0.author_id,b1_0.id,b1_0.title from book b1_0 where b1_0.author_id=?
2026-05-20T12:39:20.019-03:00 TRACE 17260 --- [frankenstein-monolith] [           main] org.hibernate.orm.jdbc.bind              : binding parameter (1:BIGINT) <- [11]
2026-05-20T12:39:20.019-03:00 DEBUG 17260 --- [frankenstein-monolith] [           main] org.hibernate.SQL                        : select b1_0.author_id,b1_0.id,b1_0.title from book b1_0 where b1_0.author_id=?
2026-05-20T12:39:20.019-03:00 TRACE 17260 --- [frankenstein-monolith] [           main] org.hibernate.orm.jdbc.bind              : binding parameter (1:BIGINT) <- [12]
2026-05-20T12:39:20.021-03:00 DEBUG 17260 --- [frankenstein-monolith] [           main] org.hibernate.SQL                        : select b1_0.author_id,b1_0.id,b1_0.title from book b1_0 where b1_0.author_id=?
2026-05-20T12:39:20.022-03:00 TRACE 17260 --- [frankenstein-monolith] [           main] org.hibernate.orm.jdbc.bind              : binding parameter (1:BIGINT) <- [13]
2026-05-20T12:39:20.023-03:00 DEBUG 17260 --- [frankenstein-monolith] [           main] org.hibernate.SQL                        : select b1_0.author_id,b1_0.id,b1_0.title from book b1_0 where b1_0.author_id=?
2026-05-20T12:39:20.023-03:00 TRACE 17260 --- [frankenstein-monolith] [           main] org.hibernate.orm.jdbc.bind              : binding parameter (1:BIGINT) <- [14]
2026-05-20T12:39:20.023-03:00 DEBUG 17260 --- [frankenstein-monolith] [           main] org.hibernate.SQL                        : select b1_0.author_id,b1_0.id,b1_0.title from book b1_0 where b1_0.author_id=?
2026-05-20T12:39:20.023-03:00 TRACE 17260 --- [frankenstein-monolith] [           main] org.hibernate.orm.jdbc.bind              : binding parameter (1:BIGINT) <- [15]
2026-05-20T12:39:20.024-03:00 DEBUG 17260 --- [frankenstein-monolith] [           main] org.hibernate.SQL                        : select b1_0.author_id,b1_0.id,b1_0.title from book b1_0 where b1_0.author_id=?
2026-05-20T12:39:20.024-03:00 TRACE 17260 --- [frankenstein-monolith] [           main] org.hibernate.orm.jdbc.bind              : binding parameter (1:BIGINT) <- [16]
2026-05-20T12:39:20.024-03:00 DEBUG 17260 --- [frankenstein-monolith] [           main] org.hibernate.SQL                        : select b1_0.author_id,b1_0.id,b1_0.title from book b1_0 where b1_0.author_id=?
2026-05-20T12:39:20.024-03:00 TRACE 17260 --- [frankenstein-monolith] [           main] org.hibernate.orm.jdbc.bind              : binding parameter (1:BIGINT) <- [17]
2026-05-20T12:39:20.024-03:00 DEBUG 17260 --- [frankenstein-monolith] [           main] org.hibernate.SQL                        : select b1_0.author_id,b1_0.id,b1_0.title from book b1_0 where b1_0.author_id=?
2026-05-20T12:39:20.024-03:00 TRACE 17260 --- [frankenstein-monolith] [           main] org.hibernate.orm.jdbc.bind              : binding parameter (1:BIGINT) <- [18]
2026-05-20T12:39:20.026-03:00 DEBUG 17260 --- [frankenstein-monolith] [           main] org.hibernate.SQL                        : select b1_0.author_id,b1_0.id,b1_0.title from book b1_0 where b1_0.author_id=?
2026-05-20T12:39:20.026-03:00 TRACE 17260 --- [frankenstein-monolith] [           main] org.hibernate.orm.jdbc.bind              : binding parameter (1:BIGINT) <- [19]
2026-05-20T12:39:20.026-03:00 DEBUG 17260 --- [frankenstein-monolith] [           main] org.hibernate.SQL                        : select b1_0.author_id,b1_0.id,b1_0.title from book b1_0 where b1_0.author_id=?
2026-05-20T12:39:20.026-03:00 TRACE 17260 --- [frankenstein-monolith] [           main] org.hibernate.orm.jdbc.bind              : binding parameter (1:BIGINT) <- [20]
2026-05-20T12:39:20.027-03:00 DEBUG 17260 --- [frankenstein-monolith] [           main] org.hibernate.SQL                        : select b1_0.author_id,b1_0.id,b1_0.title from book b1_0 where b1_0.author_id=?
2026-05-20T12:39:20.027-03:00 TRACE 17260 --- [frankenstein-monolith] [           main] org.hibernate.orm.jdbc.bind              : binding parameter (1:BIGINT) <- [21]
2026-05-20T12:39:20.027-03:00 DEBUG 17260 --- [frankenstein-monolith] [           main] org.hibernate.SQL                        : select b1_0.author_id,b1_0.id,b1_0.title from book b1_0 where b1_0.author_id=?
2026-05-20T12:39:20.027-03:00 TRACE 17260 --- [frankenstein-monolith] [           main] org.hibernate.orm.jdbc.bind              : binding parameter (1:BIGINT) <- [22]
2026-05-20T12:39:20.029-03:00 DEBUG 17260 --- [frankenstein-monolith] [           main] org.hibernate.SQL                        : select b1_0.author_id,b1_0.id,b1_0.title from book b1_0 where b1_0.author_id=?
2026-05-20T12:39:20.029-03:00 TRACE 17260 --- [frankenstein-monolith] [           main] org.hibernate.orm.jdbc.bind              : binding parameter (1:BIGINT) <- [23]
2026-05-20T12:39:20.030-03:00 DEBUG 17260 --- [frankenstein-monolith] [           main] org.hibernate.SQL                        : select b1_0.author_id,b1_0.id,b1_0.title from book b1_0 where b1_0.author_id=?
2026-05-20T12:39:20.030-03:00 TRACE 17260 --- [frankenstein-monolith] [           main] org.hibernate.orm.jdbc.bind              : binding parameter (1:BIGINT) <- [24]
2026-05-20T12:39:20.031-03:00 DEBUG 17260 --- [frankenstein-monolith] [           main] org.hibernate.SQL                        : select b1_0.author_id,b1_0.id,b1_0.title from book b1_0 where b1_0.author_id=?
2026-05-20T12:39:20.031-03:00 TRACE 17260 --- [frankenstein-monolith] [           main] org.hibernate.orm.jdbc.bind              : binding parameter (1:BIGINT) <- [25]
2026-05-20T12:39:20.031-03:00 DEBUG 17260 --- [frankenstein-monolith] [           main] org.hibernate.SQL                        : select b1_0.author_id,b1_0.id,b1_0.title from book b1_0 where b1_0.author_id=?
2026-05-20T12:39:20.031-03:00 TRACE 17260 --- [frankenstein-monolith] [           main] org.hibernate.orm.jdbc.bind              : binding parameter (1:BIGINT) <- [26]
2026-05-20T12:39:20.032-03:00 DEBUG 17260 --- [frankenstein-monolith] [           main] org.hibernate.SQL                        : select b1_0.author_id,b1_0.id,b1_0.title from book b1_0 where b1_0.author_id=?
2026-05-20T12:39:20.032-03:00 TRACE 17260 --- [frankenstein-monolith] [           main] org.hibernate.orm.jdbc.bind              : binding parameter (1:BIGINT) <- [27]
2026-05-20T12:39:20.032-03:00 DEBUG 17260 --- [frankenstein-monolith] [           main] org.hibernate.SQL                        : select b1_0.author_id,b1_0.id,b1_0.title from book b1_0 where b1_0.author_id=?
2026-05-20T12:39:20.032-03:00 TRACE 17260 --- [frankenstein-monolith] [           main] org.hibernate.orm.jdbc.bind              : binding parameter (1:BIGINT) <- [28]
2026-05-20T12:39:20.033-03:00 DEBUG 17260 --- [frankenstein-monolith] [           main] org.hibernate.SQL                        : select b1_0.author_id,b1_0.id,b1_0.title from book b1_0 where b1_0.author_id=?
2026-05-20T12:39:20.033-03:00 TRACE 17260 --- [frankenstein-monolith] [           main] org.hibernate.orm.jdbc.bind              : binding parameter (1:BIGINT) <- [29]
2026-05-20T12:39:20.034-03:00 DEBUG 17260 --- [frankenstein-monolith] [           main] org.hibernate.SQL                        : select b1_0.author_id,b1_0.id,b1_0.title from book b1_0 where b1_0.author_id=?
2026-05-20T12:39:20.034-03:00 TRACE 17260 --- [frankenstein-monolith] [           main] org.hibernate.orm.jdbc.bind              : binding parameter (1:BIGINT) <- [30]
2026-05-20T12:39:20.035-03:00 DEBUG 17260 --- [frankenstein-monolith] [           main] org.hibernate.SQL                        : select b1_0.author_id,b1_0.id,b1_0.title from book b1_0 where b1_0.author_id=?
2026-05-20T12:39:20.035-03:00 TRACE 17260 --- [frankenstein-monolith] [           main] org.hibernate.orm.jdbc.bind              : binding parameter (1:BIGINT) <- [31]
2026-05-20T12:39:20.036-03:00 DEBUG 17260 --- [frankenstein-monolith] [           main] org.hibernate.SQL                        : select b1_0.author_id,b1_0.id,b1_0.title from book b1_0 where b1_0.author_id=?
2026-05-20T12:39:20.036-03:00 TRACE 17260 --- [frankenstein-monolith] [           main] org.hibernate.orm.jdbc.bind              : binding parameter (1:BIGINT) <- [32]
2026-05-20T12:39:20.037-03:00 DEBUG 17260 --- [frankenstein-monolith] [           main] org.hibernate.SQL                        : select b1_0.author_id,b1_0.id,b1_0.title from book b1_0 where b1_0.author_id=?
2026-05-20T12:39:20.037-03:00 TRACE 17260 --- [frankenstein-monolith] [           main] org.hibernate.orm.jdbc.bind              : binding parameter (1:BIGINT) <- [33]
2026-05-20T12:39:20.037-03:00 DEBUG 17260 --- [frankenstein-monolith] [           main] org.hibernate.SQL                        : select b1_0.author_id,b1_0.id,b1_0.title from book b1_0 where b1_0.author_id=?
2026-05-20T12:39:20.037-03:00 TRACE 17260 --- [frankenstein-monolith] [           main] org.hibernate.orm.jdbc.bind              : binding parameter (1:BIGINT) <- [34]
2026-05-20T12:39:20.037-03:00 DEBUG 17260 --- [frankenstein-monolith] [           main] org.hibernate.SQL                        : select b1_0.author_id,b1_0.id,b1_0.title from book b1_0 where b1_0.author_id=?
2026-05-20T12:39:20.037-03:00 TRACE 17260 --- [frankenstein-monolith] [           main] org.hibernate.orm.jdbc.bind              : binding parameter (1:BIGINT) <- [35]
2026-05-20T12:39:20.039-03:00 DEBUG 17260 --- [frankenstein-monolith] [           main] org.hibernate.SQL                        : select b1_0.author_id,b1_0.id,b1_0.title from book b1_0 where b1_0.author_id=?
2026-05-20T12:39:20.039-03:00 TRACE 17260 --- [frankenstein-monolith] [           main] org.hibernate.orm.jdbc.bind              : binding parameter (1:BIGINT) <- [36]
2026-05-20T12:39:20.039-03:00 DEBUG 17260 --- [frankenstein-monolith] [           main] org.hibernate.SQL                        : select b1_0.author_id,b1_0.id,b1_0.title from book b1_0 where b1_0.author_id=?
2026-05-20T12:39:20.039-03:00 TRACE 17260 --- [frankenstein-monolith] [           main] org.hibernate.orm.jdbc.bind              : binding parameter (1:BIGINT) <- [37]
2026-05-20T12:39:20.040-03:00 DEBUG 17260 --- [frankenstein-monolith] [           main] org.hibernate.SQL                        : select b1_0.author_id,b1_0.id,b1_0.title from book b1_0 where b1_0.author_id=?
2026-05-20T12:39:20.040-03:00 TRACE 17260 --- [frankenstein-monolith] [           main] org.hibernate.orm.jdbc.bind              : binding parameter (1:BIGINT) <- [38]
2026-05-20T12:39:20.040-03:00 DEBUG 17260 --- [frankenstein-monolith] [           main] org.hibernate.SQL                        : select b1_0.author_id,b1_0.id,b1_0.title from book b1_0 where b1_0.author_id=?
2026-05-20T12:39:20.040-03:00 TRACE 17260 --- [frankenstein-monolith] [           main] org.hibernate.orm.jdbc.bind              : binding parameter (1:BIGINT) <- [39]
2026-05-20T12:39:20.041-03:00 DEBUG 17260 --- [frankenstein-monolith] [           main] org.hibernate.SQL                        : select b1_0.author_id,b1_0.id,b1_0.title from book b1_0 where b1_0.author_id=?
2026-05-20T12:39:20.041-03:00 TRACE 17260 --- [frankenstein-monolith] [           main] org.hibernate.orm.jdbc.bind              : binding parameter (1:BIGINT) <- [40]
2026-05-20T12:39:20.041-03:00 DEBUG 17260 --- [frankenstein-monolith] [           main] org.hibernate.SQL                        : select b1_0.author_id,b1_0.id,b1_0.title from book b1_0 where b1_0.author_id=?
2026-05-20T12:39:20.041-03:00 TRACE 17260 --- [frankenstein-monolith] [           main] org.hibernate.orm.jdbc.bind              : binding parameter (1:BIGINT) <- [41]
2026-05-20T12:39:20.042-03:00 DEBUG 17260 --- [frankenstein-monolith] [           main] org.hibernate.SQL                        : select b1_0.author_id,b1_0.id,b1_0.title from book b1_0 where b1_0.author_id=?
2026-05-20T12:39:20.042-03:00 TRACE 17260 --- [frankenstein-monolith] [           main] org.hibernate.orm.jdbc.bind              : binding parameter (1:BIGINT) <- [42]
2026-05-20T12:39:20.044-03:00 DEBUG 17260 --- [frankenstein-monolith] [           main] org.hibernate.SQL                        : select b1_0.author_id,b1_0.id,b1_0.title from book b1_0 where b1_0.author_id=?
2026-05-20T12:39:20.044-03:00 TRACE 17260 --- [frankenstein-monolith] [           main] org.hibernate.orm.jdbc.bind              : binding parameter (1:BIGINT) <- [43]
2026-05-20T12:39:20.045-03:00 DEBUG 17260 --- [frankenstein-monolith] [           main] org.hibernate.SQL                        : select b1_0.author_id,b1_0.id,b1_0.title from book b1_0 where b1_0.author_id=?
2026-05-20T12:39:20.045-03:00 TRACE 17260 --- [frankenstein-monolith] [           main] org.hibernate.orm.jdbc.bind              : binding parameter (1:BIGINT) <- [44]
2026-05-20T12:39:20.045-03:00 DEBUG 17260 --- [frankenstein-monolith] [           main] org.hibernate.SQL                        : select b1_0.author_id,b1_0.id,b1_0.title from book b1_0 where b1_0.author_id=?
2026-05-20T12:39:20.045-03:00 TRACE 17260 --- [frankenstein-monolith] [           main] org.hibernate.orm.jdbc.bind              : binding parameter (1:BIGINT) <- [45]
2026-05-20T12:39:20.046-03:00 DEBUG 17260 --- [frankenstein-monolith] [           main] org.hibernate.SQL                        : select b1_0.author_id,b1_0.id,b1_0.title from book b1_0 where b1_0.author_id=?
2026-05-20T12:39:20.046-03:00 TRACE 17260 --- [frankenstein-monolith] [           main] org.hibernate.orm.jdbc.bind              : binding parameter (1:BIGINT) <- [46]
2026-05-20T12:39:20.046-03:00 DEBUG 17260 --- [frankenstein-monolith] [           main] org.hibernate.SQL                        : select b1_0.author_id,b1_0.id,b1_0.title from book b1_0 where b1_0.author_id=?
2026-05-20T12:39:20.046-03:00 TRACE 17260 --- [frankenstein-monolith] [           main] org.hibernate.orm.jdbc.bind              : binding parameter (1:BIGINT) <- [47]
2026-05-20T12:39:20.047-03:00 DEBUG 17260 --- [frankenstein-monolith] [           main] org.hibernate.SQL                        : select b1_0.author_id,b1_0.id,b1_0.title from book b1_0 where b1_0.author_id=?
2026-05-20T12:39:20.047-03:00 TRACE 17260 --- [frankenstein-monolith] [           main] org.hibernate.orm.jdbc.bind              : binding parameter (1:BIGINT) <- [48]
2026-05-20T12:39:20.047-03:00 DEBUG 17260 --- [frankenstein-monolith] [           main] org.hibernate.SQL                        : select b1_0.author_id,b1_0.id,b1_0.title from book b1_0 where b1_0.author_id=?
2026-05-20T12:39:20.047-03:00 TRACE 17260 --- [frankenstein-monolith] [           main] org.hibernate.orm.jdbc.bind              : binding parameter (1:BIGINT) <- [49]
2026-05-20T12:39:20.047-03:00 DEBUG 17260 --- [frankenstein-monolith] [           main] org.hibernate.SQL                        : select b1_0.author_id,b1_0.id,b1_0.title from book b1_0 where b1_0.author_id=?
2026-05-20T12:39:20.047-03:00 TRACE 17260 --- [frankenstein-monolith] [           main] org.hibernate.orm.jdbc.bind              : binding parameter (1:BIGINT) <- [50]
2026-05-20T12:39:20.066-03:00 DEBUG 17260 --- [frankenstein-monolith] [           main] org.hibernate.SQL                        : delete from book where id=?
2026-05-20T12:39:20.066-03:00 TRACE 17260 --- [frankenstein-monolith] [           main] org.hibernate.orm.jdbc.bind              : binding parameter (1:BIGINT) <- [1]
2026-05-20T12:39:20.068-03:00 DEBUG 17260 --- [frankenstein-monolith] [           main] org.hibernate.SQL                        : delete from book where id=?
2026-05-20T12:39:20.068-03:00 TRACE 17260 --- [frankenstein-monolith] [           main] org.hibernate.orm.jdbc.bind              : binding parameter (1:BIGINT) <- [2]
2026-05-20T12:39:20.069-03:00 DEBUG 17260 --- [frankenstein-monolith] [           main] org.hibernate.SQL                        : delete from book where id=?
2026-05-20T12:39:20.069-03:00 TRACE 17260 --- [frankenstein-monolith] [           main] org.hibernate.orm.jdbc.bind              : binding parameter (1:BIGINT) <- [3]
2026-05-20T12:39:20.069-03:00 DEBUG 17260 --- [frankenstein-monolith] [           main] org.hibernate.SQL                        : delete from author where id=?
2026-05-20T12:39:20.069-03:00 TRACE 17260 --- [frankenstein-monolith] [           main] org.hibernate.orm.jdbc.bind              : binding parameter (1:BIGINT) <- [1]
2026-05-20T12:39:20.070-03:00 DEBUG 17260 --- [frankenstein-monolith] [           main] org.hibernate.SQL                        : delete from book where id=?
2026-05-20T12:39:20.070-03:00 TRACE 17260 --- [frankenstein-monolith] [           main] org.hibernate.orm.jdbc.bind              : binding parameter (1:BIGINT) <- [4]
2026-05-20T12:39:20.070-03:00 DEBUG 17260 --- [frankenstein-monolith] [           main] org.hibernate.SQL                        : delete from book where id=?
2026-05-20T12:39:20.070-03:00 TRACE 17260 --- [frankenstein-monolith] [           main] org.hibernate.orm.jdbc.bind              : binding parameter (1:BIGINT) <- [5]
2026-05-20T12:39:20.070-03:00 DEBUG 17260 --- [frankenstein-monolith] [           main] org.hibernate.SQL                        : delete from author where id=?
2026-05-20T12:39:20.070-03:00 TRACE 17260 --- [frankenstein-monolith] [           main] org.hibernate.orm.jdbc.bind              : binding parameter (1:BIGINT) <- [2]
2026-05-20T12:39:20.070-03:00 DEBUG 17260 --- [frankenstein-monolith] [           main] org.hibernate.SQL                        : delete from book where id=?
2026-05-20T12:39:20.070-03:00 TRACE 17260 --- [frankenstein-monolith] [           main] org.hibernate.orm.jdbc.bind              : binding parameter (1:BIGINT) <- [6]
2026-05-20T12:39:20.071-03:00 DEBUG 17260 --- [frankenstein-monolith] [           main] org.hibernate.SQL                        : delete from book where id=?
2026-05-20T12:39:20.071-03:00 TRACE 17260 --- [frankenstein-monolith] [           main] org.hibernate.orm.jdbc.bind              : binding parameter (1:BIGINT) <- [7]
2026-05-20T12:39:20.071-03:00 DEBUG 17260 --- [frankenstein-monolith] [           main] org.hibernate.SQL                        : delete from book where id=?
2026-05-20T12:39:20.071-03:00 TRACE 17260 --- [frankenstein-monolith] [           main] org.hibernate.orm.jdbc.bind              : binding parameter (1:BIGINT) <- [8]
2026-05-20T12:39:20.071-03:00 DEBUG 17260 --- [frankenstein-monolith] [           main] org.hibernate.SQL                        : delete from author where id=?
2026-05-20T12:39:20.071-03:00 TRACE 17260 --- [frankenstein-monolith] [           main] org.hibernate.orm.jdbc.bind              : binding parameter (1:BIGINT) <- [3]
2026-05-20T12:39:20.071-03:00 DEBUG 17260 --- [frankenstein-monolith] [           main] org.hibernate.SQL                        : delete from book where id=?
2026-05-20T12:39:20.071-03:00 TRACE 17260 --- [frankenstein-monolith] [           main] org.hibernate.orm.jdbc.bind              : binding parameter (1:BIGINT) <- [9]
2026-05-20T12:39:20.071-03:00 DEBUG 17260 --- [frankenstein-monolith] [           main] org.hibernate.SQL                        : delete from book where id=?
2026-05-20T12:39:20.071-03:00 TRACE 17260 --- [frankenstein-monolith] [           main] org.hibernate.orm.jdbc.bind              : binding parameter (1:BIGINT) <- [10]
2026-05-20T12:39:20.072-03:00 DEBUG 17260 --- [frankenstein-monolith] [           main] org.hibernate.SQL                        : delete from book where id=?
2026-05-20T12:39:20.072-03:00 TRACE 17260 --- [frankenstein-monolith] [           main] org.hibernate.orm.jdbc.bind              : binding parameter (1:BIGINT) <- [11]
2026-05-20T12:39:20.072-03:00 DEBUG 17260 --- [frankenstein-monolith] [           main] org.hibernate.SQL                        : delete from author where id=?
2026-05-20T12:39:20.072-03:00 TRACE 17260 --- [frankenstein-monolith] [           main] org.hibernate.orm.jdbc.bind              : binding parameter (1:BIGINT) <- [4]
2026-05-20T12:39:20.072-03:00 DEBUG 17260 --- [frankenstein-monolith] [           main] org.hibernate.SQL                        : delete from book where id=?
2026-05-20T12:39:20.072-03:00 TRACE 17260 --- [frankenstein-monolith] [           main] org.hibernate.orm.jdbc.bind              : binding parameter (1:BIGINT) <- [12]
2026-05-20T12:39:20.072-03:00 DEBUG 17260 --- [frankenstein-monolith] [           main] org.hibernate.SQL                        : delete from book where id=?
2026-05-20T12:39:20.072-03:00 TRACE 17260 --- [frankenstein-monolith] [           main] org.hibernate.orm.jdbc.bind              : binding parameter (1:BIGINT) <- [13]
2026-05-20T12:39:20.072-03:00 DEBUG 17260 --- [frankenstein-monolith] [           main] org.hibernate.SQL                        : delete from book where id=?
2026-05-20T12:39:20.072-03:00 TRACE 17260 --- [frankenstein-monolith] [           main] org.hibernate.orm.jdbc.bind              : binding parameter (1:BIGINT) <- [14]
2026-05-20T12:39:20.072-03:00 DEBUG 17260 --- [frankenstein-monolith] [           main] org.hibernate.SQL                        : delete from author where id=?
2026-05-20T12:39:20.072-03:00 TRACE 17260 --- [frankenstein-monolith] [           main] org.hibernate.orm.jdbc.bind              : binding parameter (1:BIGINT) <- [5]
2026-05-20T12:39:20.072-03:00 DEBUG 17260 --- [frankenstein-monolith] [           main] org.hibernate.SQL                        : delete from book where id=?
2026-05-20T12:39:20.072-03:00 TRACE 17260 --- [frankenstein-monolith] [           main] org.hibernate.orm.jdbc.bind              : binding parameter (1:BIGINT) <- [15]
2026-05-20T12:39:20.072-03:00 DEBUG 17260 --- [frankenstein-monolith] [           main] org.hibernate.SQL                        : delete from book where id=?
2026-05-20T12:39:20.072-03:00 TRACE 17260 --- [frankenstein-monolith] [           main] org.hibernate.orm.jdbc.bind              : binding parameter (1:BIGINT) <- [16]
2026-05-20T12:39:20.072-03:00 DEBUG 17260 --- [frankenstein-monolith] [           main] org.hibernate.SQL                        : delete from author where id=?
2026-05-20T12:39:20.072-03:00 TRACE 17260 --- [frankenstein-monolith] [           main] org.hibernate.orm.jdbc.bind              : binding parameter (1:BIGINT) <- [6]
2026-05-20T12:39:20.072-03:00 DEBUG 17260 --- [frankenstein-monolith] [           main] org.hibernate.SQL                        : delete from book where id=?
2026-05-20T12:39:20.072-03:00 TRACE 17260 --- [frankenstein-monolith] [           main] org.hibernate.orm.jdbc.bind              : binding parameter (1:BIGINT) <- [17]
2026-05-20T12:39:20.074-03:00 DEBUG 17260 --- [frankenstein-monolith] [           main] org.hibernate.SQL                        : delete from book where id=?
2026-05-20T12:39:20.074-03:00 TRACE 17260 --- [frankenstein-monolith] [           main] org.hibernate.orm.jdbc.bind              : binding parameter (1:BIGINT) <- [18]
2026-05-20T12:39:20.074-03:00 DEBUG 17260 --- [frankenstein-monolith] [           main] org.hibernate.SQL                        : delete from book where id=?
2026-05-20T12:39:20.074-03:00 TRACE 17260 --- [frankenstein-monolith] [           main] org.hibernate.orm.jdbc.bind              : binding parameter (1:BIGINT) <- [19]
2026-05-20T12:39:20.074-03:00 DEBUG 17260 --- [frankenstein-monolith] [           main] org.hibernate.SQL                        : delete from author where id=?
2026-05-20T12:39:20.074-03:00 TRACE 17260 --- [frankenstein-monolith] [           main] org.hibernate.orm.jdbc.bind              : binding parameter (1:BIGINT) <- [7]
2026-05-20T12:39:20.074-03:00 DEBUG 17260 --- [frankenstein-monolith] [           main] org.hibernate.SQL                        : delete from book where id=?
2026-05-20T12:39:20.074-03:00 TRACE 17260 --- [frankenstein-monolith] [           main] org.hibernate.orm.jdbc.bind              : binding parameter (1:BIGINT) <- [20]
2026-05-20T12:39:20.074-03:00 DEBUG 17260 --- [frankenstein-monolith] [           main] org.hibernate.SQL                        : delete from book where id=?
2026-05-20T12:39:20.074-03:00 TRACE 17260 --- [frankenstein-monolith] [           main] org.hibernate.orm.jdbc.bind              : binding parameter (1:BIGINT) <- [21]
2026-05-20T12:39:20.074-03:00 DEBUG 17260 --- [frankenstein-monolith] [           main] org.hibernate.SQL                        : delete from author where id=?
2026-05-20T12:39:20.074-03:00 TRACE 17260 --- [frankenstein-monolith] [           main] org.hibernate.orm.jdbc.bind              : binding parameter (1:BIGINT) <- [8]
2026-05-20T12:39:20.074-03:00 DEBUG 17260 --- [frankenstein-monolith] [           main] org.hibernate.SQL                        : delete from book where id=?
2026-05-20T12:39:20.074-03:00 TRACE 17260 --- [frankenstein-monolith] [           main] org.hibernate.orm.jdbc.bind              : binding parameter (1:BIGINT) <- [22]
2026-05-20T12:39:20.075-03:00 DEBUG 17260 --- [frankenstein-monolith] [           main] org.hibernate.SQL                        : delete from book where id=?
2026-05-20T12:39:20.075-03:00 TRACE 17260 --- [frankenstein-monolith] [           main] org.hibernate.orm.jdbc.bind              : binding parameter (1:BIGINT) <- [23]
2026-05-20T12:39:20.075-03:00 DEBUG 17260 --- [frankenstein-monolith] [           main] org.hibernate.SQL                        : delete from author where id=?
2026-05-20T12:39:20.075-03:00 TRACE 17260 --- [frankenstein-monolith] [           main] org.hibernate.orm.jdbc.bind              : binding parameter (1:BIGINT) <- [9]
2026-05-20T12:39:20.075-03:00 DEBUG 17260 --- [frankenstein-monolith] [           main] org.hibernate.SQL                        : delete from book where id=?
2026-05-20T12:39:20.075-03:00 TRACE 17260 --- [frankenstein-monolith] [           main] org.hibernate.orm.jdbc.bind              : binding parameter (1:BIGINT) <- [24]
2026-05-20T12:39:20.075-03:00 DEBUG 17260 --- [frankenstein-monolith] [           main] org.hibernate.SQL                        : delete from book where id=?
2026-05-20T12:39:20.075-03:00 TRACE 17260 --- [frankenstein-monolith] [           main] org.hibernate.orm.jdbc.bind              : binding parameter (1:BIGINT) <- [25]
2026-05-20T12:39:20.075-03:00 DEBUG 17260 --- [frankenstein-monolith] [           main] org.hibernate.SQL                        : delete from author where id=?
2026-05-20T12:39:20.075-03:00 TRACE 17260 --- [frankenstein-monolith] [           main] org.hibernate.orm.jdbc.bind              : binding parameter (1:BIGINT) <- [10]
2026-05-20T12:39:20.075-03:00 DEBUG 17260 --- [frankenstein-monolith] [           main] org.hibernate.SQL                        : delete from book where id=?
2026-05-20T12:39:20.075-03:00 TRACE 17260 --- [frankenstein-monolith] [           main] org.hibernate.orm.jdbc.bind              : binding parameter (1:BIGINT) <- [26]
2026-05-20T12:39:20.075-03:00 DEBUG 17260 --- [frankenstein-monolith] [           main] org.hibernate.SQL                        : delete from book where id=?
2026-05-20T12:39:20.075-03:00 TRACE 17260 --- [frankenstein-monolith] [           main] org.hibernate.orm.jdbc.bind              : binding parameter (1:BIGINT) <- [27]
2026-05-20T12:39:20.076-03:00 DEBUG 17260 --- [frankenstein-monolith] [           main] org.hibernate.SQL                        : delete from author where id=?
2026-05-20T12:39:20.076-03:00 TRACE 17260 --- [frankenstein-monolith] [           main] org.hibernate.orm.jdbc.bind              : binding parameter (1:BIGINT) <- [11]
2026-05-20T12:39:20.076-03:00 DEBUG 17260 --- [frankenstein-monolith] [           main] org.hibernate.SQL                        : delete from book where id=?
2026-05-20T12:39:20.076-03:00 TRACE 17260 --- [frankenstein-monolith] [           main] org.hibernate.orm.jdbc.bind              : binding parameter (1:BIGINT) <- [28]
2026-05-20T12:39:20.076-03:00 DEBUG 17260 --- [frankenstein-monolith] [           main] org.hibernate.SQL                        : delete from book where id=?
2026-05-20T12:39:20.076-03:00 TRACE 17260 --- [frankenstein-monolith] [           main] org.hibernate.orm.jdbc.bind              : binding parameter (1:BIGINT) <- [29]
2026-05-20T12:39:20.077-03:00 DEBUG 17260 --- [frankenstein-monolith] [           main] org.hibernate.SQL                        : delete from author where id=?
2026-05-20T12:39:20.077-03:00 TRACE 17260 --- [frankenstein-monolith] [           main] org.hibernate.orm.jdbc.bind              : binding parameter (1:BIGINT) <- [12]
2026-05-20T12:39:20.077-03:00 DEBUG 17260 --- [frankenstein-monolith] [           main] org.hibernate.SQL                        : delete from book where id=?
2026-05-20T12:39:20.077-03:00 TRACE 17260 --- [frankenstein-monolith] [           main] org.hibernate.orm.jdbc.bind              : binding parameter (1:BIGINT) <- [30]
2026-05-20T12:39:20.077-03:00 DEBUG 17260 --- [frankenstein-monolith] [           main] org.hibernate.SQL                        : delete from book where id=?
2026-05-20T12:39:20.078-03:00 TRACE 17260 --- [frankenstein-monolith] [           main] org.hibernate.orm.jdbc.bind              : binding parameter (1:BIGINT) <- [31]
2026-05-20T12:39:20.078-03:00 DEBUG 17260 --- [frankenstein-monolith] [           main] org.hibernate.SQL                        : delete from author where id=?
2026-05-20T12:39:20.078-03:00 TRACE 17260 --- [frankenstein-monolith] [           main] org.hibernate.orm.jdbc.bind              : binding parameter (1:BIGINT) <- [13]
2026-05-20T12:39:20.078-03:00 DEBUG 17260 --- [frankenstein-monolith] [           main] org.hibernate.SQL                        : delete from book where id=?
2026-05-20T12:39:20.078-03:00 TRACE 17260 --- [frankenstein-monolith] [           main] org.hibernate.orm.jdbc.bind              : binding parameter (1:BIGINT) <- [32]
2026-05-20T12:39:20.078-03:00 DEBUG 17260 --- [frankenstein-monolith] [           main] org.hibernate.SQL                        : delete from author where id=?
2026-05-20T12:39:20.078-03:00 TRACE 17260 --- [frankenstein-monolith] [           main] org.hibernate.orm.jdbc.bind              : binding parameter (1:BIGINT) <- [14]
2026-05-20T12:39:20.078-03:00 DEBUG 17260 --- [frankenstein-monolith] [           main] org.hibernate.SQL                        : delete from book where id=?
2026-05-20T12:39:20.078-03:00 TRACE 17260 --- [frankenstein-monolith] [           main] org.hibernate.orm.jdbc.bind              : binding parameter (1:BIGINT) <- [33]
2026-05-20T12:39:20.078-03:00 DEBUG 17260 --- [frankenstein-monolith] [           main] org.hibernate.SQL                        : delete from book where id=?
2026-05-20T12:39:20.078-03:00 TRACE 17260 --- [frankenstein-monolith] [           main] org.hibernate.orm.jdbc.bind              : binding parameter (1:BIGINT) <- [34]
2026-05-20T12:39:20.079-03:00 DEBUG 17260 --- [frankenstein-monolith] [           main] org.hibernate.SQL                        : delete from author where id=?
2026-05-20T12:39:20.079-03:00 TRACE 17260 --- [frankenstein-monolith] [           main] org.hibernate.orm.jdbc.bind              : binding parameter (1:BIGINT) <- [15]
2026-05-20T12:39:20.079-03:00 DEBUG 17260 --- [frankenstein-monolith] [           main] org.hibernate.SQL                        : delete from book where id=?
2026-05-20T12:39:20.079-03:00 TRACE 17260 --- [frankenstein-monolith] [           main] org.hibernate.orm.jdbc.bind              : binding parameter (1:BIGINT) <- [35]
2026-05-20T12:39:20.079-03:00 DEBUG 17260 --- [frankenstein-monolith] [           main] org.hibernate.SQL                        : delete from author where id=?
2026-05-20T12:39:20.079-03:00 TRACE 17260 --- [frankenstein-monolith] [           main] org.hibernate.orm.jdbc.bind              : binding parameter (1:BIGINT) <- [16]
2026-05-20T12:39:20.079-03:00 DEBUG 17260 --- [frankenstein-monolith] [           main] org.hibernate.SQL                        : delete from book where id=?
2026-05-20T12:39:20.079-03:00 TRACE 17260 --- [frankenstein-monolith] [           main] org.hibernate.orm.jdbc.bind              : binding parameter (1:BIGINT) <- [36]
2026-05-20T12:39:20.079-03:00 DEBUG 17260 --- [frankenstein-monolith] [           main] org.hibernate.SQL                        : delete from book where id=?
2026-05-20T12:39:20.079-03:00 TRACE 17260 --- [frankenstein-monolith] [           main] org.hibernate.orm.jdbc.bind              : binding parameter (1:BIGINT) <- [37]
2026-05-20T12:39:20.079-03:00 DEBUG 17260 --- [frankenstein-monolith] [           main] org.hibernate.SQL                        : delete from author where id=?
2026-05-20T12:39:20.079-03:00 TRACE 17260 --- [frankenstein-monolith] [           main] org.hibernate.orm.jdbc.bind              : binding parameter (1:BIGINT) <- [17]
2026-05-20T12:39:20.080-03:00 DEBUG 17260 --- [frankenstein-monolith] [           main] org.hibernate.SQL                        : delete from book where id=?
2026-05-20T12:39:20.080-03:00 TRACE 17260 --- [frankenstein-monolith] [           main] org.hibernate.orm.jdbc.bind              : binding parameter (1:BIGINT) <- [38]
2026-05-20T12:39:20.080-03:00 DEBUG 17260 --- [frankenstein-monolith] [           main] org.hibernate.SQL                        : delete from book where id=?
2026-05-20T12:39:20.080-03:00 TRACE 17260 --- [frankenstein-monolith] [           main] org.hibernate.orm.jdbc.bind              : binding parameter (1:BIGINT) <- [39]
2026-05-20T12:39:20.080-03:00 DEBUG 17260 --- [frankenstein-monolith] [           main] org.hibernate.SQL                        : delete from author where id=?
2026-05-20T12:39:20.080-03:00 TRACE 17260 --- [frankenstein-monolith] [           main] org.hibernate.orm.jdbc.bind              : binding parameter (1:BIGINT) <- [18]
2026-05-20T12:39:20.080-03:00 DEBUG 17260 --- [frankenstein-monolith] [           main] org.hibernate.SQL                        : delete from book where id=?
2026-05-20T12:39:20.080-03:00 TRACE 17260 --- [frankenstein-monolith] [           main] org.hibernate.orm.jdbc.bind              : binding parameter (1:BIGINT) <- [40]
2026-05-20T12:39:20.080-03:00 DEBUG 17260 --- [frankenstein-monolith] [           main] org.hibernate.SQL                        : delete from author where id=?
2026-05-20T12:39:20.080-03:00 TRACE 17260 --- [frankenstein-monolith] [           main] org.hibernate.orm.jdbc.bind              : binding parameter (1:BIGINT) <- [19]
2026-05-20T12:39:20.080-03:00 DEBUG 17260 --- [frankenstein-monolith] [           main] org.hibernate.SQL                        : delete from book where id=?
2026-05-20T12:39:20.080-03:00 TRACE 17260 --- [frankenstein-monolith] [           main] org.hibernate.orm.jdbc.bind              : binding parameter (1:BIGINT) <- [41]
2026-05-20T12:39:20.081-03:00 DEBUG 17260 --- [frankenstein-monolith] [           main] org.hibernate.SQL                        : delete from book where id=?
2026-05-20T12:39:20.081-03:00 TRACE 17260 --- [frankenstein-monolith] [           main] org.hibernate.orm.jdbc.bind              : binding parameter (1:BIGINT) <- [42]
2026-05-20T12:39:20.081-03:00 DEBUG 17260 --- [frankenstein-monolith] [           main] org.hibernate.SQL                        : delete from author where id=?
2026-05-20T12:39:20.081-03:00 TRACE 17260 --- [frankenstein-monolith] [           main] org.hibernate.orm.jdbc.bind              : binding parameter (1:BIGINT) <- [20]
2026-05-20T12:39:20.081-03:00 DEBUG 17260 --- [frankenstein-monolith] [           main] org.hibernate.SQL                        : delete from book where id=?
2026-05-20T12:39:20.081-03:00 TRACE 17260 --- [frankenstein-monolith] [           main] org.hibernate.orm.jdbc.bind              : binding parameter (1:BIGINT) <- [43]
2026-05-20T12:39:20.081-03:00 DEBUG 17260 --- [frankenstein-monolith] [           main] org.hibernate.SQL                        : delete from author where id=?
2026-05-20T12:39:20.081-03:00 TRACE 17260 --- [frankenstein-monolith] [           main] org.hibernate.orm.jdbc.bind              : binding parameter (1:BIGINT) <- [21]
2026-05-20T12:39:20.081-03:00 DEBUG 17260 --- [frankenstein-monolith] [           main] org.hibernate.SQL                        : delete from book where id=?
2026-05-20T12:39:20.081-03:00 TRACE 17260 --- [frankenstein-monolith] [           main] org.hibernate.orm.jdbc.bind              : binding parameter (1:BIGINT) <- [44]
2026-05-20T12:39:20.081-03:00 DEBUG 17260 --- [frankenstein-monolith] [           main] org.hibernate.SQL                        : delete from book where id=?
2026-05-20T12:39:20.081-03:00 TRACE 17260 --- [frankenstein-monolith] [           main] org.hibernate.orm.jdbc.bind              : binding parameter (1:BIGINT) <- [45]
2026-05-20T12:39:20.081-03:00 DEBUG 17260 --- [frankenstein-monolith] [           main] org.hibernate.SQL                        : delete from author where id=?
2026-05-20T12:39:20.081-03:00 TRACE 17260 --- [frankenstein-monolith] [           main] org.hibernate.orm.jdbc.bind              : binding parameter (1:BIGINT) <- [22]
2026-05-20T12:39:20.081-03:00 DEBUG 17260 --- [frankenstein-monolith] [           main] org.hibernate.SQL                        : delete from book where id=?
2026-05-20T12:39:20.081-03:00 TRACE 17260 --- [frankenstein-monolith] [           main] org.hibernate.orm.jdbc.bind              : binding parameter (1:BIGINT) <- [46]
2026-05-20T12:39:20.081-03:00 DEBUG 17260 --- [frankenstein-monolith] [           main] org.hibernate.SQL                        : delete from book where id=?
2026-05-20T12:39:20.081-03:00 TRACE 17260 --- [frankenstein-monolith] [           main] org.hibernate.orm.jdbc.bind              : binding parameter (1:BIGINT) <- [47]
2026-05-20T12:39:20.081-03:00 DEBUG 17260 --- [frankenstein-monolith] [           main] org.hibernate.SQL                        : delete from author where id=?
2026-05-20T12:39:20.081-03:00 TRACE 17260 --- [frankenstein-monolith] [           main] org.hibernate.orm.jdbc.bind              : binding parameter (1:BIGINT) <- [23]
2026-05-20T12:39:20.081-03:00 DEBUG 17260 --- [frankenstein-monolith] [           main] org.hibernate.SQL                        : delete from book where id=?
2026-05-20T12:39:20.081-03:00 TRACE 17260 --- [frankenstein-monolith] [           main] org.hibernate.orm.jdbc.bind              : binding parameter (1:BIGINT) <- [48]
2026-05-20T12:39:20.082-03:00 DEBUG 17260 --- [frankenstein-monolith] [           main] org.hibernate.SQL                        : delete from book where id=?
2026-05-20T12:39:20.082-03:00 TRACE 17260 --- [frankenstein-monolith] [           main] org.hibernate.orm.jdbc.bind              : binding parameter (1:BIGINT) <- [49]
2026-05-20T12:39:20.082-03:00 DEBUG 17260 --- [frankenstein-monolith] [           main] org.hibernate.SQL                        : delete from author where id=?
2026-05-20T12:39:20.082-03:00 TRACE 17260 --- [frankenstein-monolith] [           main] org.hibernate.orm.jdbc.bind              : binding parameter (1:BIGINT) <- [24]
2026-05-20T12:39:20.082-03:00 DEBUG 17260 --- [frankenstein-monolith] [           main] org.hibernate.SQL                        : delete from book where id=?
2026-05-20T12:39:20.082-03:00 TRACE 17260 --- [frankenstein-monolith] [           main] org.hibernate.orm.jdbc.bind              : binding parameter (1:BIGINT) <- [50]
2026-05-20T12:39:20.082-03:00 DEBUG 17260 --- [frankenstein-monolith] [           main] org.hibernate.SQL                        : delete from book where id=?
2026-05-20T12:39:20.082-03:00 TRACE 17260 --- [frankenstein-monolith] [           main] org.hibernate.orm.jdbc.bind              : binding parameter (1:BIGINT) <- [51]
2026-05-20T12:39:20.082-03:00 DEBUG 17260 --- [frankenstein-monolith] [           main] org.hibernate.SQL                        : delete from author where id=?
2026-05-20T12:39:20.082-03:00 TRACE 17260 --- [frankenstein-monolith] [           main] org.hibernate.orm.jdbc.bind              : binding parameter (1:BIGINT) <- [25]
2026-05-20T12:39:20.082-03:00 DEBUG 17260 --- [frankenstein-monolith] [           main] org.hibernate.SQL                        : delete from book where id=?
2026-05-20T12:39:20.082-03:00 TRACE 17260 --- [frankenstein-monolith] [           main] org.hibernate.orm.jdbc.bind              : binding parameter (1:BIGINT) <- [52]
2026-05-20T12:39:20.083-03:00 DEBUG 17260 --- [frankenstein-monolith] [           main] org.hibernate.SQL                        : delete from author where id=?
2026-05-20T12:39:20.083-03:00 TRACE 17260 --- [frankenstein-monolith] [           main] org.hibernate.orm.jdbc.bind              : binding parameter (1:BIGINT) <- [26]
2026-05-20T12:39:20.084-03:00 DEBUG 17260 --- [frankenstein-monolith] [           main] org.hibernate.SQL                        : delete from book where id=?
2026-05-20T12:39:20.084-03:00 TRACE 17260 --- [frankenstein-monolith] [           main] org.hibernate.orm.jdbc.bind              : binding parameter (1:BIGINT) <- [53]
2026-05-20T12:39:20.084-03:00 DEBUG 17260 --- [frankenstein-monolith] [           main] org.hibernate.SQL                        : delete from author where id=?
2026-05-20T12:39:20.084-03:00 TRACE 17260 --- [frankenstein-monolith] [           main] org.hibernate.orm.jdbc.bind              : binding parameter (1:BIGINT) <- [27]
2026-05-20T12:39:20.084-03:00 DEBUG 17260 --- [frankenstein-monolith] [           main] org.hibernate.SQL                        : delete from book where id=?
2026-05-20T12:39:20.084-03:00 TRACE 17260 --- [frankenstein-monolith] [           main] org.hibernate.orm.jdbc.bind              : binding parameter (1:BIGINT) <- [54]
2026-05-20T12:39:20.085-03:00 DEBUG 17260 --- [frankenstein-monolith] [           main] org.hibernate.SQL                        : delete from author where id=?
2026-05-20T12:39:20.085-03:00 TRACE 17260 --- [frankenstein-monolith] [           main] org.hibernate.orm.jdbc.bind              : binding parameter (1:BIGINT) <- [28]
2026-05-20T12:39:20.085-03:00 DEBUG 17260 --- [frankenstein-monolith] [           main] org.hibernate.SQL                        : delete from book where id=?
2026-05-20T12:39:20.085-03:00 TRACE 17260 --- [frankenstein-monolith] [           main] org.hibernate.orm.jdbc.bind              : binding parameter (1:BIGINT) <- [55]
2026-05-20T12:39:20.085-03:00 DEBUG 17260 --- [frankenstein-monolith] [           main] org.hibernate.SQL                        : delete from author where id=?
2026-05-20T12:39:20.085-03:00 TRACE 17260 --- [frankenstein-monolith] [           main] org.hibernate.orm.jdbc.bind              : binding parameter (1:BIGINT) <- [29]
2026-05-20T12:39:20.085-03:00 DEBUG 17260 --- [frankenstein-monolith] [           main] org.hibernate.SQL                        : delete from book where id=?
2026-05-20T12:39:20.085-03:00 TRACE 17260 --- [frankenstein-monolith] [           main] org.hibernate.orm.jdbc.bind              : binding parameter (1:BIGINT) <- [56]
2026-05-20T12:39:20.085-03:00 DEBUG 17260 --- [frankenstein-monolith] [           main] org.hibernate.SQL                        : delete from author where id=?
2026-05-20T12:39:20.085-03:00 TRACE 17260 --- [frankenstein-monolith] [           main] org.hibernate.orm.jdbc.bind              : binding parameter (1:BIGINT) <- [30]
2026-05-20T12:39:20.085-03:00 DEBUG 17260 --- [frankenstein-monolith] [           main] org.hibernate.SQL                        : delete from book where id=?
2026-05-20T12:39:20.085-03:00 TRACE 17260 --- [frankenstein-monolith] [           main] org.hibernate.orm.jdbc.bind              : binding parameter (1:BIGINT) <- [57]
2026-05-20T12:39:20.086-03:00 DEBUG 17260 --- [frankenstein-monolith] [           main] org.hibernate.SQL                        : delete from author where id=?
2026-05-20T12:39:20.086-03:00 TRACE 17260 --- [frankenstein-monolith] [           main] org.hibernate.orm.jdbc.bind              : binding parameter (1:BIGINT) <- [31]
2026-05-20T12:39:20.086-03:00 DEBUG 17260 --- [frankenstein-monolith] [           main] org.hibernate.SQL                        : delete from book where id=?
2026-05-20T12:39:20.086-03:00 TRACE 17260 --- [frankenstein-monolith] [           main] org.hibernate.orm.jdbc.bind              : binding parameter (1:BIGINT) <- [58]
2026-05-20T12:39:20.086-03:00 DEBUG 17260 --- [frankenstein-monolith] [           main] org.hibernate.SQL                        : delete from book where id=?
2026-05-20T12:39:20.086-03:00 TRACE 17260 --- [frankenstein-monolith] [           main] org.hibernate.orm.jdbc.bind              : binding parameter (1:BIGINT) <- [59]
2026-05-20T12:39:20.086-03:00 DEBUG 17260 --- [frankenstein-monolith] [           main] org.hibernate.SQL                        : delete from author where id=?
2026-05-20T12:39:20.086-03:00 TRACE 17260 --- [frankenstein-monolith] [           main] org.hibernate.orm.jdbc.bind              : binding parameter (1:BIGINT) <- [32]
2026-05-20T12:39:20.086-03:00 DEBUG 17260 --- [frankenstein-monolith] [           main] org.hibernate.SQL                        : delete from book where id=?
2026-05-20T12:39:20.086-03:00 TRACE 17260 --- [frankenstein-monolith] [           main] org.hibernate.orm.jdbc.bind              : binding parameter (1:BIGINT) <- [60]
2026-05-20T12:39:20.087-03:00 DEBUG 17260 --- [frankenstein-monolith] [           main] org.hibernate.SQL                        : delete from author where id=?
2026-05-20T12:39:20.087-03:00 TRACE 17260 --- [frankenstein-monolith] [           main] org.hibernate.orm.jdbc.bind              : binding parameter (1:BIGINT) <- [33]
2026-05-20T12:39:20.087-03:00 DEBUG 17260 --- [frankenstein-monolith] [           main] org.hibernate.SQL                        : delete from book where id=?
2026-05-20T12:39:20.087-03:00 TRACE 17260 --- [frankenstein-monolith] [           main] org.hibernate.orm.jdbc.bind              : binding parameter (1:BIGINT) <- [61]
2026-05-20T12:39:20.087-03:00 DEBUG 17260 --- [frankenstein-monolith] [           main] org.hibernate.SQL                        : delete from author where id=?
2026-05-20T12:39:20.087-03:00 TRACE 17260 --- [frankenstein-monolith] [           main] org.hibernate.orm.jdbc.bind              : binding parameter (1:BIGINT) <- [34]
2026-05-20T12:39:20.088-03:00 DEBUG 17260 --- [frankenstein-monolith] [           main] org.hibernate.SQL                        : delete from book where id=?
2026-05-20T12:39:20.088-03:00 TRACE 17260 --- [frankenstein-monolith] [           main] org.hibernate.orm.jdbc.bind              : binding parameter (1:BIGINT) <- [62]
2026-05-20T12:39:20.088-03:00 DEBUG 17260 --- [frankenstein-monolith] [           main] org.hibernate.SQL                        : delete from author where id=?
2026-05-20T12:39:20.088-03:00 TRACE 17260 --- [frankenstein-monolith] [           main] org.hibernate.orm.jdbc.bind              : binding parameter (1:BIGINT) <- [35]
2026-05-20T12:39:20.088-03:00 DEBUG 17260 --- [frankenstein-monolith] [           main] org.hibernate.SQL                        : delete from book where id=?
2026-05-20T12:39:20.088-03:00 TRACE 17260 --- [frankenstein-monolith] [           main] org.hibernate.orm.jdbc.bind              : binding parameter (1:BIGINT) <- [63]
2026-05-20T12:39:20.088-03:00 DEBUG 17260 --- [frankenstein-monolith] [           main] org.hibernate.SQL                        : delete from author where id=?
2026-05-20T12:39:20.088-03:00 TRACE 17260 --- [frankenstein-monolith] [           main] org.hibernate.orm.jdbc.bind              : binding parameter (1:BIGINT) <- [36]
2026-05-20T12:39:20.089-03:00 DEBUG 17260 --- [frankenstein-monolith] [           main] org.hibernate.SQL                        : delete from book where id=?
2026-05-20T12:39:20.089-03:00 TRACE 17260 --- [frankenstein-monolith] [           main] org.hibernate.orm.jdbc.bind              : binding parameter (1:BIGINT) <- [64]
2026-05-20T12:39:20.089-03:00 DEBUG 17260 --- [frankenstein-monolith] [           main] org.hibernate.SQL                        : delete from author where id=?
2026-05-20T12:39:20.089-03:00 TRACE 17260 --- [frankenstein-monolith] [           main] org.hibernate.orm.jdbc.bind              : binding parameter (1:BIGINT) <- [37]
2026-05-20T12:39:20.089-03:00 DEBUG 17260 --- [frankenstein-monolith] [           main] org.hibernate.SQL                        : delete from book where id=?
2026-05-20T12:39:20.090-03:00 TRACE 17260 --- [frankenstein-monolith] [           main] org.hibernate.orm.jdbc.bind              : binding parameter (1:BIGINT) <- [65]
2026-05-20T12:39:20.090-03:00 DEBUG 17260 --- [frankenstein-monolith] [           main] org.hibernate.SQL                        : delete from author where id=?
2026-05-20T12:39:20.090-03:00 TRACE 17260 --- [frankenstein-monolith] [           main] org.hibernate.orm.jdbc.bind              : binding parameter (1:BIGINT) <- [38]
2026-05-20T12:39:20.091-03:00 DEBUG 17260 --- [frankenstein-monolith] [           main] org.hibernate.SQL                        : delete from book where id=?
2026-05-20T12:39:20.091-03:00 TRACE 17260 --- [frankenstein-monolith] [           main] org.hibernate.orm.jdbc.bind              : binding parameter (1:BIGINT) <- [66]
2026-05-20T12:39:20.091-03:00 DEBUG 17260 --- [frankenstein-monolith] [           main] org.hibernate.SQL                        : delete from book where id=?
2026-05-20T12:39:20.091-03:00 TRACE 17260 --- [frankenstein-monolith] [           main] org.hibernate.orm.jdbc.bind              : binding parameter (1:BIGINT) <- [67]
2026-05-20T12:39:20.091-03:00 DEBUG 17260 --- [frankenstein-monolith] [           main] org.hibernate.SQL                        : delete from author where id=?
2026-05-20T12:39:20.091-03:00 TRACE 17260 --- [frankenstein-monolith] [           main] org.hibernate.orm.jdbc.bind              : binding parameter (1:BIGINT) <- [39]
2026-05-20T12:39:20.091-03:00 DEBUG 17260 --- [frankenstein-monolith] [           main] org.hibernate.SQL                        : delete from book where id=?
2026-05-20T12:39:20.091-03:00 TRACE 17260 --- [frankenstein-monolith] [           main] org.hibernate.orm.jdbc.bind              : binding parameter (1:BIGINT) <- [68]
2026-05-20T12:39:20.091-03:00 DEBUG 17260 --- [frankenstein-monolith] [           main] org.hibernate.SQL                        : delete from author where id=?
2026-05-20T12:39:20.091-03:00 TRACE 17260 --- [frankenstein-monolith] [           main] org.hibernate.orm.jdbc.bind              : binding parameter (1:BIGINT) <- [40]
2026-05-20T12:39:20.091-03:00 DEBUG 17260 --- [frankenstein-monolith] [           main] org.hibernate.SQL                        : delete from book where id=?
2026-05-20T12:39:20.091-03:00 TRACE 17260 --- [frankenstein-monolith] [           main] org.hibernate.orm.jdbc.bind              : binding parameter (1:BIGINT) <- [69]
2026-05-20T12:39:20.091-03:00 DEBUG 17260 --- [frankenstein-monolith] [           main] org.hibernate.SQL                        : delete from author where id=?
2026-05-20T12:39:20.091-03:00 TRACE 17260 --- [frankenstein-monolith] [           main] org.hibernate.orm.jdbc.bind              : binding parameter (1:BIGINT) <- [41]
2026-05-20T12:39:20.092-03:00 DEBUG 17260 --- [frankenstein-monolith] [           main] org.hibernate.SQL                        : delete from book where id=?
2026-05-20T12:39:20.092-03:00 TRACE 17260 --- [frankenstein-monolith] [           main] org.hibernate.orm.jdbc.bind              : binding parameter (1:BIGINT) <- [70]
2026-05-20T12:39:20.092-03:00 DEBUG 17260 --- [frankenstein-monolith] [           main] org.hibernate.SQL                        : delete from book where id=?
2026-05-20T12:39:20.092-03:00 TRACE 17260 --- [frankenstein-monolith] [           main] org.hibernate.orm.jdbc.bind              : binding parameter (1:BIGINT) <- [71]
2026-05-20T12:39:20.092-03:00 DEBUG 17260 --- [frankenstein-monolith] [           main] org.hibernate.SQL                        : delete from author where id=?
2026-05-20T12:39:20.092-03:00 TRACE 17260 --- [frankenstein-monolith] [           main] org.hibernate.orm.jdbc.bind              : binding parameter (1:BIGINT) <- [42]
2026-05-20T12:39:20.092-03:00 DEBUG 17260 --- [frankenstein-monolith] [           main] org.hibernate.SQL                        : delete from book where id=?
2026-05-20T12:39:20.092-03:00 TRACE 17260 --- [frankenstein-monolith] [           main] org.hibernate.orm.jdbc.bind              : binding parameter (1:BIGINT) <- [72]
2026-05-20T12:39:20.092-03:00 DEBUG 17260 --- [frankenstein-monolith] [           main] org.hibernate.SQL                        : delete from book where id=?
2026-05-20T12:39:20.092-03:00 TRACE 17260 --- [frankenstein-monolith] [           main] org.hibernate.orm.jdbc.bind              : binding parameter (1:BIGINT) <- [73]
2026-05-20T12:39:20.092-03:00 DEBUG 17260 --- [frankenstein-monolith] [           main] org.hibernate.SQL                        : delete from author where id=?
2026-05-20T12:39:20.092-03:00 TRACE 17260 --- [frankenstein-monolith] [           main] org.hibernate.orm.jdbc.bind              : binding parameter (1:BIGINT) <- [43]
2026-05-20T12:39:20.092-03:00 DEBUG 17260 --- [frankenstein-monolith] [           main] org.hibernate.SQL                        : delete from book where id=?
2026-05-20T12:39:20.092-03:00 TRACE 17260 --- [frankenstein-monolith] [           main] org.hibernate.orm.jdbc.bind              : binding parameter (1:BIGINT) <- [74]
2026-05-20T12:39:20.092-03:00 DEBUG 17260 --- [frankenstein-monolith] [           main] org.hibernate.SQL                        : delete from book where id=?
2026-05-20T12:39:20.093-03:00 TRACE 17260 --- [frankenstein-monolith] [           main] org.hibernate.orm.jdbc.bind              : binding parameter (1:BIGINT) <- [75]
2026-05-20T12:39:20.093-03:00 DEBUG 17260 --- [frankenstein-monolith] [           main] org.hibernate.SQL                        : delete from author where id=?
2026-05-20T12:39:20.093-03:00 TRACE 17260 --- [frankenstein-monolith] [           main] org.hibernate.orm.jdbc.bind              : binding parameter (1:BIGINT) <- [44]
2026-05-20T12:39:20.093-03:00 DEBUG 17260 --- [frankenstein-monolith] [           main] org.hibernate.SQL                        : delete from book where id=?
2026-05-20T12:39:20.093-03:00 TRACE 17260 --- [frankenstein-monolith] [           main] org.hibernate.orm.jdbc.bind              : binding parameter (1:BIGINT) <- [76]
2026-05-20T12:39:20.093-03:00 DEBUG 17260 --- [frankenstein-monolith] [           main] org.hibernate.SQL                        : delete from book where id=?
2026-05-20T12:39:20.093-03:00 TRACE 17260 --- [frankenstein-monolith] [           main] org.hibernate.orm.jdbc.bind              : binding parameter (1:BIGINT) <- [77]
2026-05-20T12:39:20.094-03:00 DEBUG 17260 --- [frankenstein-monolith] [           main] org.hibernate.SQL                        : delete from author where id=?
2026-05-20T12:39:20.094-03:00 TRACE 17260 --- [frankenstein-monolith] [           main] org.hibernate.orm.jdbc.bind              : binding parameter (1:BIGINT) <- [45]
2026-05-20T12:39:20.094-03:00 DEBUG 17260 --- [frankenstein-monolith] [           main] org.hibernate.SQL                        : delete from book where id=?
2026-05-20T12:39:20.094-03:00 TRACE 17260 --- [frankenstein-monolith] [           main] org.hibernate.orm.jdbc.bind              : binding parameter (1:BIGINT) <- [78]
2026-05-20T12:39:20.094-03:00 DEBUG 17260 --- [frankenstein-monolith] [           main] org.hibernate.SQL                        : delete from book where id=?
2026-05-20T12:39:20.094-03:00 TRACE 17260 --- [frankenstein-monolith] [           main] org.hibernate.orm.jdbc.bind              : binding parameter (1:BIGINT) <- [79]
2026-05-20T12:39:20.094-03:00 DEBUG 17260 --- [frankenstein-monolith] [           main] org.hibernate.SQL                        : delete from author where id=?
2026-05-20T12:39:20.094-03:00 TRACE 17260 --- [frankenstein-monolith] [           main] org.hibernate.orm.jdbc.bind              : binding parameter (1:BIGINT) <- [46]
2026-05-20T12:39:20.094-03:00 DEBUG 17260 --- [frankenstein-monolith] [           main] org.hibernate.SQL                        : delete from book where id=?
2026-05-20T12:39:20.094-03:00 TRACE 17260 --- [frankenstein-monolith] [           main] org.hibernate.orm.jdbc.bind              : binding parameter (1:BIGINT) <- [80]
2026-05-20T12:39:20.094-03:00 DEBUG 17260 --- [frankenstein-monolith] [           main] org.hibernate.SQL                        : delete from book where id=?
2026-05-20T12:39:20.094-03:00 TRACE 17260 --- [frankenstein-monolith] [           main] org.hibernate.orm.jdbc.bind              : binding parameter (1:BIGINT) <- [81]
2026-05-20T12:39:20.094-03:00 DEBUG 17260 --- [frankenstein-monolith] [           main] org.hibernate.SQL                        : delete from author where id=?
2026-05-20T12:39:20.094-03:00 TRACE 17260 --- [frankenstein-monolith] [           main] org.hibernate.orm.jdbc.bind              : binding parameter (1:BIGINT) <- [47]
2026-05-20T12:39:20.094-03:00 DEBUG 17260 --- [frankenstein-monolith] [           main] org.hibernate.SQL                        : delete from book where id=?
2026-05-20T12:39:20.094-03:00 TRACE 17260 --- [frankenstein-monolith] [           main] org.hibernate.orm.jdbc.bind              : binding parameter (1:BIGINT) <- [82]
2026-05-20T12:39:20.095-03:00 DEBUG 17260 --- [frankenstein-monolith] [           main] org.hibernate.SQL                        : delete from book where id=?
2026-05-20T12:39:20.095-03:00 TRACE 17260 --- [frankenstein-monolith] [           main] org.hibernate.orm.jdbc.bind              : binding parameter (1:BIGINT) <- [83]
2026-05-20T12:39:20.095-03:00 DEBUG 17260 --- [frankenstein-monolith] [           main] org.hibernate.SQL                        : delete from author where id=?
2026-05-20T12:39:20.095-03:00 TRACE 17260 --- [frankenstein-monolith] [           main] org.hibernate.orm.jdbc.bind              : binding parameter (1:BIGINT) <- [48]
2026-05-20T12:39:20.095-03:00 DEBUG 17260 --- [frankenstein-monolith] [           main] org.hibernate.SQL                        : delete from book where id=?
2026-05-20T12:39:20.095-03:00 TRACE 17260 --- [frankenstein-monolith] [           main] org.hibernate.orm.jdbc.bind              : binding parameter (1:BIGINT) <- [84]
2026-05-20T12:39:20.095-03:00 DEBUG 17260 --- [frankenstein-monolith] [           main] org.hibernate.SQL                        : delete from book where id=?
2026-05-20T12:39:20.095-03:00 TRACE 17260 --- [frankenstein-monolith] [           main] org.hibernate.orm.jdbc.bind              : binding parameter (1:BIGINT) <- [85]
2026-05-20T12:39:20.095-03:00 DEBUG 17260 --- [frankenstein-monolith] [           main] org.hibernate.SQL                        : delete from author where id=?
2026-05-20T12:39:20.095-03:00 TRACE 17260 --- [frankenstein-monolith] [           main] org.hibernate.orm.jdbc.bind              : binding parameter (1:BIGINT) <- [49]
2026-05-20T12:39:20.095-03:00 DEBUG 17260 --- [frankenstein-monolith] [           main] org.hibernate.SQL                        : delete from book where id=?
2026-05-20T12:39:20.095-03:00 TRACE 17260 --- [frankenstein-monolith] [           main] org.hibernate.orm.jdbc.bind              : binding parameter (1:BIGINT) <- [86]
2026-05-20T12:39:20.095-03:00 DEBUG 17260 --- [frankenstein-monolith] [           main] org.hibernate.SQL                        : delete from book where id=?
2026-05-20T12:39:20.095-03:00 TRACE 17260 --- [frankenstein-monolith] [           main] org.hibernate.orm.jdbc.bind              : binding parameter (1:BIGINT) <- [87]
2026-05-20T12:39:20.095-03:00 DEBUG 17260 --- [frankenstein-monolith] [           main] org.hibernate.SQL                        : delete from author where id=?
2026-05-20T12:39:20.095-03:00 TRACE 17260 --- [frankenstein-monolith] [           main] org.hibernate.orm.jdbc.bind              : binding parameter (1:BIGINT) <- [50]
2026-05-20T12:39:20.096-03:00  INFO 17260 --- [frankenstein-monolith] [           main] i.StatisticalLoggingSessionEventListener : Session Metrics {
    17700 nanoseconds spent acquiring 1 JDBC connections;
    0 nanoseconds spent releasing 0 JDBC connections;
    3096900 nanoseconds spent preparing 188 JDBC statements;
    13900000 nanoseconds spent executing 188 JDBC statements;
    0 nanoseconds spent executing 0 JDBC batches;
    0 nanoseconds spent performing 0 L2C puts;
    0 nanoseconds spent performing 0 L2C hits;
    0 nanoseconds spent performing 0 L2C misses;
    47496800 nanoseconds spent executing 1 flushes (flushing a total of 137 entities and 50 collections);
    8000 nanoseconds spent executing 1 partial-flushes (flushing a total of 0 entities and 0 collections)
}
2026-05-20T12:39:20.102-03:00 DEBUG 17260 --- [frankenstein-monolith] [           main] org.hibernate.SQL                        : insert into author (annual_income,cpf,name,id) values (?,?,?,default)
2026-05-20T12:39:20.102-03:00 TRACE 17260 --- [frankenstein-monolith] [           main] org.hibernate.orm.jdbc.bind              : binding parameter (1:DOUBLE) <- [1000.0]
2026-05-20T12:39:20.102-03:00 TRACE 17260 --- [frankenstein-monolith] [           main] org.hibernate.orm.jdbc.bind              : binding parameter (2:VARCHAR) <- [12345678901]
2026-05-20T12:39:20.102-03:00 TRACE 17260 --- [frankenstein-monolith] [           main] org.hibernate.orm.jdbc.bind              : binding parameter (3:VARCHAR) <- [Teste]
2026-05-20T12:39:20.107-03:00  INFO 17260 --- [frankenstein-monolith] [           main] i.StatisticalLoggingSessionEventListener : Session Metrics {
    51500 nanoseconds spent acquiring 1 JDBC connections;
    0 nanoseconds spent releasing 0 JDBC connections;
    159700 nanoseconds spent preparing 1 JDBC statements;
    599200 nanoseconds spent executing 1 JDBC statements;
    0 nanoseconds spent executing 0 JDBC batches;
    0 nanoseconds spent performing 0 L2C puts;
    0 nanoseconds spent performing 0 L2C hits;
    0 nanoseconds spent performing 0 L2C misses;
    373700 nanoseconds spent executing 1 flushes (flushing a total of 1 entities and 0 collections);
    0 nanoseconds spent executing 0 partial-flushes (flushing a total of 0 entities and 0 collections)
}
]]></system-out>
  </testcase>
  <testcase name="shouldReturnForbiddenWhenDeleteWithNonAdminToken" classname="com.example.frankenstein.security.SecurityIntegrationTest" time="0.3">
    <system-out><![CDATA[2026-05-20T12:39:20.114-03:00 DEBUG 17260 --- [frankenstein-monolith] [           main] org.hibernate.SQL                        : select a1_0.id,a1_0.annual_income,a1_0.cpf,a1_0.name from author a1_0
2026-05-20T12:39:20.115-03:00 DEBUG 17260 --- [frankenstein-monolith] [           main] org.hibernate.SQL                        : select b1_0.author_id,b1_0.id,b1_0.title from book b1_0 where b1_0.author_id=?
2026-05-20T12:39:20.115-03:00 TRACE 17260 --- [frankenstein-monolith] [           main] org.hibernate.orm.jdbc.bind              : binding parameter (1:BIGINT) <- [1]
2026-05-20T12:39:20.116-03:00 DEBUG 17260 --- [frankenstein-monolith] [           main] org.hibernate.SQL                        : delete from author where id=?
2026-05-20T12:39:20.116-03:00 TRACE 17260 --- [frankenstein-monolith] [           main] org.hibernate.orm.jdbc.bind              : binding parameter (1:BIGINT) <- [1]
2026-05-20T12:39:20.116-03:00  INFO 17260 --- [frankenstein-monolith] [           main] i.StatisticalLoggingSessionEventListener : Session Metrics {
    17900 nanoseconds spent acquiring 1 JDBC connections;
    0 nanoseconds spent releasing 0 JDBC connections;
    44000 nanoseconds spent preparing 3 JDBC statements;
    270900 nanoseconds spent executing 3 JDBC statements;
    0 nanoseconds spent executing 0 JDBC batches;
    0 nanoseconds spent performing 0 L2C puts;
    0 nanoseconds spent performing 0 L2C hits;
    0 nanoseconds spent performing 0 L2C misses;
    408700 nanoseconds spent executing 1 flushes (flushing a total of 1 entities and 1 collections);
    4000 nanoseconds spent executing 1 partial-flushes (flushing a total of 0 entities and 0 collections)
}
2026-05-20T12:39:20.117-03:00 DEBUG 17260 --- [frankenstein-monolith] [           main] org.hibernate.SQL                        : insert into author (annual_income,cpf,name,id) values (?,?,?,default)
2026-05-20T12:39:20.117-03:00 TRACE 17260 --- [frankenstein-monolith] [           main] org.hibernate.orm.jdbc.bind              : binding parameter (1:DOUBLE) <- [1000.0]
2026-05-20T12:39:20.117-03:00 TRACE 17260 --- [frankenstein-monolith] [           main] org.hibernate.orm.jdbc.bind              : binding parameter (2:VARCHAR) <- [12345678901]
2026-05-20T12:39:20.117-03:00 TRACE 17260 --- [frankenstein-monolith] [           main] org.hibernate.orm.jdbc.bind              : binding parameter (3:VARCHAR) <- [Teste]
2026-05-20T12:39:20.117-03:00  INFO 17260 --- [frankenstein-monolith] [           main] i.StatisticalLoggingSessionEventListener : Session Metrics {
    10100 nanoseconds spent acquiring 1 JDBC connections;
    0 nanoseconds spent releasing 0 JDBC connections;
    9800 nanoseconds spent preparing 1 JDBC statements;
    77500 nanoseconds spent executing 1 JDBC statements;
    0 nanoseconds spent executing 0 JDBC batches;
    0 nanoseconds spent performing 0 L2C puts;
    0 nanoseconds spent performing 0 L2C hits;
    0 nanoseconds spent performing 0 L2C misses;
    60900 nanoseconds spent executing 1 flushes (flushing a total of 1 entities and 0 collections);
    0 nanoseconds spent executing 0 partial-flushes (flushing a total of 0 entities and 0 collections)
}
2026-05-20T12:39:20.229-03:00 DEBUG 17260 --- [frankenstein-monolith] [           main] org.hibernate.SQL                        : select au1_0.id,au1_0.password,au1_0.user_role,au1_0.username from app_user au1_0 where au1_0.username=?
2026-05-20T12:39:20.229-03:00 TRACE 17260 --- [frankenstein-monolith] [           main] org.hibernate.orm.jdbc.bind              : binding parameter (1:VARCHAR) <- [user]
2026-05-20T12:39:20.365-03:00  INFO 17260 --- [frankenstein-monolith] [           main] i.StatisticalLoggingSessionEventListener : Session Metrics {
    20800 nanoseconds spent acquiring 1 JDBC connections;
    0 nanoseconds spent releasing 0 JDBC connections;
    243700 nanoseconds spent preparing 1 JDBC statements;
    170100 nanoseconds spent executing 1 JDBC statements;
    0 nanoseconds spent executing 0 JDBC batches;
    0 nanoseconds spent performing 0 L2C puts;
    0 nanoseconds spent performing 0 L2C hits;
    0 nanoseconds spent performing 0 L2C misses;
    0 nanoseconds spent executing 0 flushes (flushing a total of 0 entities and 0 collections);
    0 nanoseconds spent executing 0 partial-flushes (flushing a total of 0 entities and 0 collections)
}
2026-05-20T12:39:20.407-03:00 DEBUG 17260 --- [frankenstein-monolith] [           main] org.hibernate.SQL                        : select au1_0.id,au1_0.password,au1_0.user_role,au1_0.username from app_user au1_0 where au1_0.username=?
2026-05-20T12:39:20.407-03:00 TRACE 17260 --- [frankenstein-monolith] [           main] org.hibernate.orm.jdbc.bind              : binding parameter (1:VARCHAR) <- [user]
2026-05-20T12:39:20.408-03:00  INFO 17260 --- [frankenstein-monolith] [           main] i.StatisticalLoggingSessionEventListener : Session Metrics {
    17100 nanoseconds spent acquiring 1 JDBC connections;
    0 nanoseconds spent releasing 0 JDBC connections;
    42100 nanoseconds spent preparing 1 JDBC statements;
    103000 nanoseconds spent executing 1 JDBC statements;
    0 nanoseconds spent executing 0 JDBC batches;
    0 nanoseconds spent performing 0 L2C puts;
    0 nanoseconds spent performing 0 L2C hits;
    0 nanoseconds spent performing 0 L2C misses;
    0 nanoseconds spent executing 0 flushes (flushing a total of 0 entities and 0 collections);
    0 nanoseconds spent executing 0 partial-flushes (flushing a total of 0 entities and 0 collections)
}
]]></system-out>
  </testcase>
  <testcase name="shouldAllowDeleteWhenAdminToken" classname="com.example.frankenstein.security.SecurityIntegrationTest" time="0.077">
    <system-out><![CDATA[2026-05-20T12:39:20.416-03:00 DEBUG 17260 --- [frankenstein-monolith] [           main] org.hibernate.SQL                        : select a1_0.id,a1_0.annual_income,a1_0.cpf,a1_0.name from author a1_0
2026-05-20T12:39:20.417-03:00 DEBUG 17260 --- [frankenstein-monolith] [           main] org.hibernate.SQL                        : select b1_0.author_id,b1_0.id,b1_0.title from book b1_0 where b1_0.author_id=?
2026-05-20T12:39:20.418-03:00 TRACE 17260 --- [frankenstein-monolith] [           main] org.hibernate.orm.jdbc.bind              : binding parameter (1:BIGINT) <- [2]
2026-05-20T12:39:20.418-03:00 DEBUG 17260 --- [frankenstein-monolith] [           main] org.hibernate.SQL                        : delete from author where id=?
2026-05-20T12:39:20.418-03:00 TRACE 17260 --- [frankenstein-monolith] [           main] org.hibernate.orm.jdbc.bind              : binding parameter (1:BIGINT) <- [2]
2026-05-20T12:39:20.419-03:00  INFO 17260 --- [frankenstein-monolith] [           main] i.StatisticalLoggingSessionEventListener : Session Metrics {
    15400 nanoseconds spent acquiring 1 JDBC connections;
    0 nanoseconds spent releasing 0 JDBC connections;
    63200 nanoseconds spent preparing 3 JDBC statements;
    316400 nanoseconds spent executing 3 JDBC statements;
    0 nanoseconds spent executing 0 JDBC batches;
    0 nanoseconds spent performing 0 L2C puts;
    0 nanoseconds spent performing 0 L2C hits;
    0 nanoseconds spent performing 0 L2C misses;
    552100 nanoseconds spent executing 1 flushes (flushing a total of 1 entities and 1 collections);
    5900 nanoseconds spent executing 1 partial-flushes (flushing a total of 0 entities and 0 collections)
}
2026-05-20T12:39:20.419-03:00 DEBUG 17260 --- [frankenstein-monolith] [           main] org.hibernate.SQL                        : insert into author (annual_income,cpf,name,id) values (?,?,?,default)
2026-05-20T12:39:20.419-03:00 TRACE 17260 --- [frankenstein-monolith] [           main] org.hibernate.orm.jdbc.bind              : binding parameter (1:DOUBLE) <- [1000.0]
2026-05-20T12:39:20.419-03:00 TRACE 17260 --- [frankenstein-monolith] [           main] org.hibernate.orm.jdbc.bind              : binding parameter (2:VARCHAR) <- [12345678901]
2026-05-20T12:39:20.419-03:00 TRACE 17260 --- [frankenstein-monolith] [           main] org.hibernate.orm.jdbc.bind              : binding parameter (3:VARCHAR) <- [Teste]
2026-05-20T12:39:20.420-03:00  INFO 17260 --- [frankenstein-monolith] [           main] i.StatisticalLoggingSessionEventListener : Session Metrics {
    11100 nanoseconds spent acquiring 1 JDBC connections;
    0 nanoseconds spent releasing 0 JDBC connections;
    20700 nanoseconds spent preparing 1 JDBC statements;
    70200 nanoseconds spent executing 1 JDBC statements;
    0 nanoseconds spent executing 0 JDBC batches;
    0 nanoseconds spent performing 0 L2C puts;
    0 nanoseconds spent performing 0 L2C hits;
    0 nanoseconds spent performing 0 L2C misses;
    68900 nanoseconds spent executing 1 flushes (flushing a total of 1 entities and 0 collections);
    0 nanoseconds spent executing 0 partial-flushes (flushing a total of 0 entities and 0 collections)
}
2026-05-20T12:39:20.422-03:00 DEBUG 17260 --- [frankenstein-monolith] [           main] org.hibernate.SQL                        : select au1_0.id,au1_0.password,au1_0.user_role,au1_0.username from app_user au1_0 where au1_0.username=?
2026-05-20T12:39:20.422-03:00 TRACE 17260 --- [frankenstein-monolith] [           main] org.hibernate.orm.jdbc.bind              : binding parameter (1:VARCHAR) <- [admin]
2026-05-20T12:39:20.480-03:00  INFO 17260 --- [frankenstein-monolith] [           main] i.StatisticalLoggingSessionEventListener : Session Metrics {
    14800 nanoseconds spent acquiring 1 JDBC connections;
    0 nanoseconds spent releasing 0 JDBC connections;
    45100 nanoseconds spent preparing 1 JDBC statements;
    137000 nanoseconds spent executing 1 JDBC statements;
    0 nanoseconds spent executing 0 JDBC batches;
    0 nanoseconds spent performing 0 L2C puts;
    0 nanoseconds spent performing 0 L2C hits;
    0 nanoseconds spent performing 0 L2C misses;
    0 nanoseconds spent executing 0 flushes (flushing a total of 0 entities and 0 collections);
    0 nanoseconds spent executing 0 partial-flushes (flushing a total of 0 entities and 0 collections)
}
2026-05-20T12:39:20.483-03:00 DEBUG 17260 --- [frankenstein-monolith] [           main] org.hibernate.SQL                        : select au1_0.id,au1_0.password,au1_0.user_role,au1_0.username from app_user au1_0 where au1_0.username=?
2026-05-20T12:39:20.483-03:00 TRACE 17260 --- [frankenstein-monolith] [           main] org.hibernate.orm.jdbc.bind              : binding parameter (1:VARCHAR) <- [admin]
2026-05-20T12:39:20.483-03:00  INFO 17260 --- [frankenstein-monolith] [           main] i.StatisticalLoggingSessionEventListener : Session Metrics {
    14300 nanoseconds spent acquiring 1 JDBC connections;
    0 nanoseconds spent releasing 0 JDBC connections;
    35100 nanoseconds spent preparing 1 JDBC statements;
    85600 nanoseconds spent executing 1 JDBC statements;
    0 nanoseconds spent executing 0 JDBC batches;
    0 nanoseconds spent performing 0 L2C puts;
    0 nanoseconds spent performing 0 L2C hits;
    0 nanoseconds spent performing 0 L2C misses;
    0 nanoseconds spent executing 0 flushes (flushing a total of 0 entities and 0 collections);
    0 nanoseconds spent executing 0 partial-flushes (flushing a total of 0 entities and 0 collections)
}
2026-05-20T12:39:20.488-03:00 DEBUG 17260 --- [frankenstein-monolith] [           main] org.hibernate.SQL                        : select a1_0.id,a1_0.annual_income,a1_0.cpf,a1_0.name from author a1_0 where a1_0.id=?
2026-05-20T12:39:20.488-03:00 TRACE 17260 --- [frankenstein-monolith] [           main] org.hibernate.orm.jdbc.bind              : binding parameter (1:BIGINT) <- [3]
2026-05-20T12:39:20.489-03:00 DEBUG 17260 --- [frankenstein-monolith] [           main] org.hibernate.SQL                        : select b1_0.author_id,b1_0.id,b1_0.title from book b1_0 where b1_0.author_id=?
2026-05-20T12:39:20.489-03:00 TRACE 17260 --- [frankenstein-monolith] [           main] org.hibernate.orm.jdbc.bind              : binding parameter (1:BIGINT) <- [3]
2026-05-20T12:39:20.489-03:00 DEBUG 17260 --- [frankenstein-monolith] [           main] org.hibernate.SQL                        : delete from author where id=?
2026-05-20T12:39:20.489-03:00 TRACE 17260 --- [frankenstein-monolith] [           main] org.hibernate.orm.jdbc.bind              : binding parameter (1:BIGINT) <- [3]
2026-05-20T12:39:20.490-03:00  INFO 17260 --- [frankenstein-monolith] [           main] i.StatisticalLoggingSessionEventListener : Session Metrics {
    30100 nanoseconds spent acquiring 1 JDBC connections;
    0 nanoseconds spent releasing 0 JDBC connections;
    211000 nanoseconds spent preparing 3 JDBC statements;
    217200 nanoseconds spent executing 3 JDBC statements;
    0 nanoseconds spent executing 0 JDBC batches;
    0 nanoseconds spent performing 0 L2C puts;
    0 nanoseconds spent performing 0 L2C hits;
    0 nanoseconds spent performing 0 L2C misses;
    328200 nanoseconds spent executing 1 flushes (flushing a total of 1 entities and 1 collections);
    0 nanoseconds spent executing 0 partial-flushes (flushing a total of 0 entities and 0 collections)
}
]]></system-out>
  </testcase>
</testsuite>