<?xml version="1.0" encoding="UTF-8"?>
<testsuite xmlns:xsi="http://www.w3.org/2001/XMLSchema-instance" xsi:noNamespaceSchemaLocation="https://maven.apache.org/surefire/maven-surefire-plugin/xsd/surefire-test-report-3.0.xsd" version="3.0" name="com.example.frankenstein.BookEndpointIntegrationTest" time="5.582" tests="1" errors="0" skipped="0" failures="0">
  <properties>
[...]
</properties>
  <testcase name="shouldListSeededBooksWithoutAuthentication" classname="com.example.frankenstein.BookEndpointIntegrationTest" time="0.325">
    <system-out><![CDATA[12:39:13.551 [main] INFO org.springframework.test.context.support.AnnotationConfigContextLoaderUtils -- Could not detect default configuration classes for test class [com.example.frankenstein.BookEndpointIntegrationTest]: BookEndpointIntegrationTest does not declare any static, non-private, non-final, nested classes annotated with @Configuration.
12:39:13.680 [main] INFO org.springframework.boot.test.context.SpringBootTestContextBootstrapper -- Found @SpringBootConfiguration com.example.frankenstein.FrankensteinApplication for test class com.example.frankenstein.BookEndpointIntegrationTest

  .   ____          _            __ _ _
 /\\ / ___'_ __ _ _(_)_ __  __ _ \ \ \ \
( ( )\___ | '_ | '_| | '_ \/ _` | \ \ \ \
 \\/  ___)| |_)| | | | | || (_| |  ) ) ) )
  '  |____| .__|_| |_|_| |_\__, | / / / /
 =========|_|==============|___/=/_/_/_/
 :: Spring Boot ::                (v3.2.4)

2026-05-20T12:39:14.166-03:00  INFO 17260 --- [frankenstein-monolith] [           main] c.e.f.BookEndpointIntegrationTest        : Starting BookEndpointIntegrationTest using Java 25.0.2 with PID 17260 (started by kali in c:\Users\kali\Documents\GitHub\backendAvancado\frankenstein-monolith)
2026-05-20T12:39:14.168-03:00  INFO 17260 --- [frankenstein-monolith] [           main] c.e.f.BookEndpointIntegrationTest        : No active profile set, falling back to 1 default profile: "default"
2026-05-20T12:39:14.940-03:00  INFO 17260 --- [frankenstein-monolith] [           main] .s.d.r.c.RepositoryConfigurationDelegate : Bootstrapping Spring Data JPA repositories in DEFAULT mode.
2026-05-20T12:39:15.002-03:00  INFO 17260 --- [frankenstein-monolith] [           main] .s.d.r.c.RepositoryConfigurationDelegate : Finished Spring Data repository scanning in 54 ms. Found 3 JPA repository interfaces.
2026-05-20T12:39:15.529-03:00  INFO 17260 --- [frankenstein-monolith] [           main] o.hibernate.jpa.internal.util.LogHelper  : HHH000204: Processing PersistenceUnitInfo [name: default]
2026-05-20T12:39:15.631-03:00  INFO 17260 --- [frankenstein-monolith] [           main] org.hibernate.Version                    : HHH000412: Hibernate ORM core version 6.4.4.Final
2026-05-20T12:39:15.678-03:00  INFO 17260 --- [frankenstein-monolith] [           main] o.h.c.internal.RegionFactoryInitiator    : HHH000026: Second-level cache disabled
2026-05-20T12:39:15.816-03:00  INFO 17260 --- [frankenstein-monolith] [           main] o.s.o.j.p.SpringPersistenceUnitInfo      : No LoadTimeWeaver setup: ignoring JPA class transformer
2026-05-20T12:39:15.847-03:00  INFO 17260 --- [frankenstein-monolith] [           main] com.zaxxer.hikari.HikariDataSource       : HikariPool-1 - Starting...
2026-05-20T12:39:16.064-03:00  INFO 17260 --- [frankenstein-monolith] [           main] com.zaxxer.hikari.pool.HikariPool        : HikariPool-1 - Added connection conn0: url=jdbc:h2:mem:testdb user=SA
2026-05-20T12:39:16.066-03:00  INFO 17260 --- [frankenstein-monolith] [           main] com.zaxxer.hikari.HikariDataSource       : HikariPool-1 - Start completed.
2026-05-20T12:39:16.100-03:00  WARN 17260 --- [frankenstein-monolith] [           main] org.hibernate.orm.deprecation            : HHH90000025: H2Dialect does not need to be specified explicitly using 'hibernate.dialect' (remove the property setting and it will be selected by default)
2026-05-20T12:39:16.961-03:00  INFO 17260 --- [frankenstein-monolith] [           main] o.h.e.t.j.p.i.JtaPlatformInitiator       : HHH000489: No JTA platform available (set 'hibernate.transaction.jta.platform' to enable JTA platform integration)
2026-05-20T12:39:16.976-03:00 DEBUG 17260 --- [frankenstein-monolith] [           main] org.hibernate.SQL                        : drop table if exists app_user cascade 
Hibernate: drop table if exists app_user cascade 
2026-05-20T12:39:16.980-03:00 DEBUG 17260 --- [frankenstein-monolith] [           main] org.hibernate.SQL                        : drop table if exists author cascade 
Hibernate: drop table if exists author cascade 
2026-05-20T12:39:16.981-03:00 DEBUG 17260 --- [frankenstein-monolith] [           main] org.hibernate.SQL                        : drop table if exists book cascade 
Hibernate: drop table if exists book cascade 
2026-05-20T12:39:16.988-03:00 DEBUG 17260 --- [frankenstein-monolith] [           main] org.hibernate.SQL                        : create table app_user (id bigint generated by default as identity, password varchar(255) not null, user_role varchar(255) not null check (user_role in ('ADMIN','USER')), username varchar(255) not null unique, primary key (id))
Hibernate: create table app_user (id bigint generated by default as identity, password varchar(255) not null, user_role varchar(255) not null check (user_role in ('ADMIN','USER')), username varchar(255) not null unique, primary key (id))
2026-05-20T12:39:17.001-03:00 DEBUG 17260 --- [frankenstein-monolith] [           main] org.hibernate.SQL                        : create table author (annual_income float(53), id bigint generated by default as identity, cpf varchar(255), name varchar(255), primary key (id))
Hibernate: create table author (annual_income float(53), id bigint generated by default as identity, cpf varchar(255), name varchar(255), primary key (id))
2026-05-20T12:39:17.002-03:00 DEBUG 17260 --- [frankenstein-monolith] [           main] org.hibernate.SQL                        : create table book (author_id bigint, id bigint generated by default as identity, title varchar(255), primary key (id))
Hibernate: create table book (author_id bigint, id bigint generated by default as identity, title varchar(255), primary key (id))
2026-05-20T12:39:17.003-03:00 DEBUG 17260 --- [frankenstein-monolith] [           main] org.hibernate.SQL                        : alter table if exists book add constraint FKklnrv3weler2ftkweewlky958 foreign key (author_id) references author
Hibernate: alter table if exists book add constraint FKklnrv3weler2ftkweewlky958 foreign key (author_id) references author
2026-05-20T12:39:17.012-03:00  INFO 17260 --- [frankenstein-monolith] [           main] j.LocalContainerEntityManagerFactoryBean : Initialized JPA EntityManagerFactory for persistence unit 'default'
2026-05-20T12:39:17.282-03:00  INFO 17260 --- [frankenstein-monolith] [           main] o.s.d.j.r.query.QueryEnhancerFactory     : Hibernate is in classpath; If applicable, HQL parser will be used.
2026-05-20T12:39:17.895-03:00  WARN 17260 --- [frankenstein-monolith] [           main] JpaBaseConfiguration$JpaWebConfiguration : spring.jpa.open-in-view is enabled by default. Therefore, database queries may be performed during view rendering. Explicitly configure spring.jpa.open-in-view to disable this warning
2026-05-20T12:39:18.244-03:00  INFO 17260 --- [frankenstein-monolith] [           main] o.s.s.web.DefaultSecurityFilterChain     : Will secure any request with [org.springframework.security.web.session.DisableEncodeUrlFilter@2cee1bcf, org.springframework.security.web.context.request.async.WebAsyncManagerIntegrationFilter@ae4a043, org.springframework.security.web.context.SecurityContextHolderFilter@64f34c91, org.springframework.security.web.header.HeaderWriterFilter@1d8230cd, org.springframework.web.filter.CorsFilter@50c9b080, org.springframework.security.web.authentication.logout.LogoutFilter@1d82e396, com.example.frankenstein.config.JwtAuthenticationFilter@4458887d, org.springframework.security.web.savedrequest.RequestCacheAwareFilter@7a174e4b, org.springframework.security.web.servletapi.SecurityContextHolderAwareRequestFilter@7a8316fa, org.springframework.security.web.authentication.AnonymousAuthenticationFilter@2ea8f277, org.springframework.security.web.session.SessionManagementFilter@70b037ac, org.springframework.security.web.access.ExceptionTranslationFilter@4af8ff3, org.springframework.security.web.access.intercept.AuthorizationFilter@427c9a13]
2026-05-20T12:39:18.502-03:00  INFO 17260 --- [frankenstein-monolith] [           main] o.s.b.a.h2.H2ConsoleAutoConfiguration    : H2 console available at '/h2-console'. Database available at 'jdbc:h2:mem:testdb'
2026-05-20T12:39:18.615-03:00  INFO 17260 --- [frankenstein-monolith] [           main] o.s.b.t.m.w.SpringBootMockServletContext : Initializing Spring TestDispatcherServlet ''
2026-05-20T12:39:18.616-03:00  INFO 17260 --- [frankenstein-monolith] [           main] o.s.t.web.servlet.TestDispatcherServlet  : Initializing Servlet ''
2026-05-20T12:39:18.616-03:00  INFO 17260 --- [frankenstein-monolith] [           main] o.s.t.web.servlet.TestDispatcherServlet  : Completed initialization in 0 ms
2026-05-20T12:39:18.634-03:00  INFO 17260 --- [frankenstein-monolith] [           main] c.e.f.BookEndpointIntegrationTest        : Started BookEndpointIntegrationTest in 4.77 seconds (process running for 6.879)
2026-05-20T12:39:18.771-03:00 DEBUG 17260 --- [frankenstein-monolith] [           main] org.hibernate.SQL                        : select b1_0.id,b1_0.author_id,b1_0.title from book b1_0
Hibernate: select b1_0.id,b1_0.author_id,b1_0.title from book b1_0
2026-05-20T12:39:18.789-03:00 DEBUG 17260 --- [frankenstein-monolith] [           main] org.hibernate.SQL                        : select a1_0.id,a1_0.annual_income,a1_0.cpf,a1_0.name from author a1_0 where a1_0.id=?
Hibernate: select a1_0.id,a1_0.annual_income,a1_0.cpf,a1_0.name from author a1_0 where a1_0.id=?
2026-05-20T12:39:18.790-03:00 TRACE 17260 --- [frankenstein-monolith] [           main] org.hibernate.orm.jdbc.bind              : binding parameter (1:BIGINT) <- [1]
2026-05-20T12:39:18.812-03:00 DEBUG 17260 --- [frankenstein-monolith] [           main] org.hibernate.SQL                        : select a1_0.id,a1_0.annual_income,a1_0.cpf,a1_0.name from author a1_0 where a1_0.id=?
Hibernate: select a1_0.id,a1_0.annual_income,a1_0.cpf,a1_0.name from author a1_0 where a1_0.id=?
2026-05-20T12:39:18.813-03:00 TRACE 17260 --- [frankenstein-monolith] [           main] org.hibernate.orm.jdbc.bind              : binding parameter (1:BIGINT) <- [2]
2026-05-20T12:39:18.814-03:00 DEBUG 17260 --- [frankenstein-monolith] [           main] org.hibernate.SQL                        : select a1_0.id,a1_0.annual_income,a1_0.cpf,a1_0.name from author a1_0 where a1_0.id=?
Hibernate: select a1_0.id,a1_0.annual_income,a1_0.cpf,a1_0.name from author a1_0 where a1_0.id=?
2026-05-20T12:39:18.814-03:00 TRACE 17260 --- [frankenstein-monolith] [           main] org.hibernate.orm.jdbc.bind              : binding parameter (1:BIGINT) <- [3]
2026-05-20T12:39:18.815-03:00 DEBUG 17260 --- [frankenstein-monolith] [           main] org.hibernate.SQL                        : select a1_0.id,a1_0.annual_income,a1_0.cpf,a1_0.name from author a1_0 where a1_0.id=?
Hibernate: select a1_0.id,a1_0.annual_income,a1_0.cpf,a1_0.name from author a1_0 where a1_0.id=?
2026-05-20T12:39:18.815-03:00 TRACE 17260 --- [frankenstein-monolith] [           main] org.hibernate.orm.jdbc.bind              : binding parameter (1:BIGINT) <- [4]
2026-05-20T12:39:18.816-03:00 DEBUG 17260 --- [frankenstein-monolith] [           main] org.hibernate.SQL                        : select a1_0.id,a1_0.annual_income,a1_0.cpf,a1_0.name from author a1_0 where a1_0.id=?
Hibernate: select a1_0.id,a1_0.annual_income,a1_0.cpf,a1_0.name from author a1_0 where a1_0.id=?
2026-05-20T12:39:18.816-03:00 TRACE 17260 --- [frankenstein-monolith] [           main] org.hibernate.orm.jdbc.bind              : binding parameter (1:BIGINT) <- [5]
2026-05-20T12:39:18.816-03:00 DEBUG 17260 --- [frankenstein-monolith] [           main] org.hibernate.SQL                        : select a1_0.id,a1_0.annual_income,a1_0.cpf,a1_0.name from author a1_0 where a1_0.id=?
Hibernate: select a1_0.id,a1_0.annual_income,a1_0.cpf,a1_0.name from author a1_0 where a1_0.id=?
2026-05-20T12:39:18.816-03:00 TRACE 17260 --- [frankenstein-monolith] [           main] org.hibernate.orm.jdbc.bind              : binding parameter (1:BIGINT) <- [6]
2026-05-20T12:39:18.817-03:00 DEBUG 17260 --- [frankenstein-monolith] [           main] org.hibernate.SQL                        : select a1_0.id,a1_0.annual_income,a1_0.cpf,a1_0.name from author a1_0 where a1_0.id=?
Hibernate: select a1_0.id,a1_0.annual_income,a1_0.cpf,a1_0.name from author a1_0 where a1_0.id=?
2026-05-20T12:39:18.818-03:00 TRACE 17260 --- [frankenstein-monolith] [           main] org.hibernate.orm.jdbc.bind              : binding parameter (1:BIGINT) <- [7]
2026-05-20T12:39:18.818-03:00 DEBUG 17260 --- [frankenstein-monolith] [           main] org.hibernate.SQL                        : select a1_0.id,a1_0.annual_income,a1_0.cpf,a1_0.name from author a1_0 where a1_0.id=?
Hibernate: select a1_0.id,a1_0.annual_income,a1_0.cpf,a1_0.name from author a1_0 where a1_0.id=?
2026-05-20T12:39:18.818-03:00 TRACE 17260 --- [frankenstein-monolith] [           main] org.hibernate.orm.jdbc.bind              : binding parameter (1:BIGINT) <- [8]
2026-05-20T12:39:18.819-03:00 DEBUG 17260 --- [frankenstein-monolith] [           main] org.hibernate.SQL                        : select a1_0.id,a1_0.annual_income,a1_0.cpf,a1_0.name from author a1_0 where a1_0.id=?
Hibernate: select a1_0.id,a1_0.annual_income,a1_0.cpf,a1_0.name from author a1_0 where a1_0.id=?
2026-05-20T12:39:18.820-03:00 TRACE 17260 --- [frankenstein-monolith] [           main] org.hibernate.orm.jdbc.bind              : binding parameter (1:BIGINT) <- [9]
2026-05-20T12:39:18.821-03:00 DEBUG 17260 --- [frankenstein-monolith] [           main] org.hibernate.SQL                        : select a1_0.id,a1_0.annual_income,a1_0.cpf,a1_0.name from author a1_0 where a1_0.id=?
Hibernate: select a1_0.id,a1_0.annual_income,a1_0.cpf,a1_0.name from author a1_0 where a1_0.id=?
2026-05-20T12:39:18.822-03:00 TRACE 17260 --- [frankenstein-monolith] [           main] org.hibernate.orm.jdbc.bind              : binding parameter (1:BIGINT) <- [10]
2026-05-20T12:39:18.823-03:00 DEBUG 17260 --- [frankenstein-monolith] [           main] org.hibernate.SQL                        : select a1_0.id,a1_0.annual_income,a1_0.cpf,a1_0.name from author a1_0 where a1_0.id=?
Hibernate: select a1_0.id,a1_0.annual_income,a1_0.cpf,a1_0.name from author a1_0 where a1_0.id=?
2026-05-20T12:39:18.823-03:00 TRACE 17260 --- [frankenstein-monolith] [           main] org.hibernate.orm.jdbc.bind              : binding parameter (1:BIGINT) <- [11]
2026-05-20T12:39:18.823-03:00 DEBUG 17260 --- [frankenstein-monolith] [           main] org.hibernate.SQL                        : select a1_0.id,a1_0.annual_income,a1_0.cpf,a1_0.name from author a1_0 where a1_0.id=?
Hibernate: select a1_0.id,a1_0.annual_income,a1_0.cpf,a1_0.name from author a1_0 where a1_0.id=?
2026-05-20T12:39:18.823-03:00 TRACE 17260 --- [frankenstein-monolith] [           main] org.hibernate.orm.jdbc.bind              : binding parameter (1:BIGINT) <- [12]
2026-05-20T12:39:18.824-03:00 DEBUG 17260 --- [frankenstein-monolith] [           main] org.hibernate.SQL                        : select a1_0.id,a1_0.annual_income,a1_0.cpf,a1_0.name from author a1_0 where a1_0.id=?
Hibernate: select a1_0.id,a1_0.annual_income,a1_0.cpf,a1_0.name from author a1_0 where a1_0.id=?
2026-05-20T12:39:18.825-03:00 TRACE 17260 --- [frankenstein-monolith] [           main] org.hibernate.orm.jdbc.bind              : binding parameter (1:BIGINT) <- [13]
2026-05-20T12:39:18.825-03:00 DEBUG 17260 --- [frankenstein-monolith] [           main] org.hibernate.SQL                        : select a1_0.id,a1_0.annual_income,a1_0.cpf,a1_0.name from author a1_0 where a1_0.id=?
Hibernate: select a1_0.id,a1_0.annual_income,a1_0.cpf,a1_0.name from author a1_0 where a1_0.id=?
2026-05-20T12:39:18.825-03:00 TRACE 17260 --- [frankenstein-monolith] [           main] org.hibernate.orm.jdbc.bind              : binding parameter (1:BIGINT) <- [14]
2026-05-20T12:39:18.827-03:00 DEBUG 17260 --- [frankenstein-monolith] [           main] org.hibernate.SQL                        : select a1_0.id,a1_0.annual_income,a1_0.cpf,a1_0.name from author a1_0 where a1_0.id=?
Hibernate: select a1_0.id,a1_0.annual_income,a1_0.cpf,a1_0.name from author a1_0 where a1_0.id=?
2026-05-20T12:39:18.827-03:00 TRACE 17260 --- [frankenstein-monolith] [           main] org.hibernate.orm.jdbc.bind              : binding parameter (1:BIGINT) <- [15]
2026-05-20T12:39:18.828-03:00 DEBUG 17260 --- [frankenstein-monolith] [           main] org.hibernate.SQL                        : select a1_0.id,a1_0.annual_income,a1_0.cpf,a1_0.name from author a1_0 where a1_0.id=?
Hibernate: select a1_0.id,a1_0.annual_income,a1_0.cpf,a1_0.name from author a1_0 where a1_0.id=?
2026-05-20T12:39:18.828-03:00 TRACE 17260 --- [frankenstein-monolith] [           main] org.hibernate.orm.jdbc.bind              : binding parameter (1:BIGINT) <- [16]
2026-05-20T12:39:18.829-03:00 DEBUG 17260 --- [frankenstein-monolith] [           main] org.hibernate.SQL                        : select a1_0.id,a1_0.annual_income,a1_0.cpf,a1_0.name from author a1_0 where a1_0.id=?
Hibernate: select a1_0.id,a1_0.annual_income,a1_0.cpf,a1_0.name from author a1_0 where a1_0.id=?
2026-05-20T12:39:18.829-03:00 TRACE 17260 --- [frankenstein-monolith] [           main] org.hibernate.orm.jdbc.bind              : binding parameter (1:BIGINT) <- [17]
2026-05-20T12:39:18.830-03:00 DEBUG 17260 --- [frankenstein-monolith] [           main] org.hibernate.SQL                        : select a1_0.id,a1_0.annual_income,a1_0.cpf,a1_0.name from author a1_0 where a1_0.id=?
Hibernate: select a1_0.id,a1_0.annual_income,a1_0.cpf,a1_0.name from author a1_0 where a1_0.id=?
2026-05-20T12:39:18.830-03:00 TRACE 17260 --- [frankenstein-monolith] [           main] org.hibernate.orm.jdbc.bind              : binding parameter (1:BIGINT) <- [18]
2026-05-20T12:39:18.831-03:00 DEBUG 17260 --- [frankenstein-monolith] [           main] org.hibernate.SQL                        : select a1_0.id,a1_0.annual_income,a1_0.cpf,a1_0.name from author a1_0 where a1_0.id=?
Hibernate: select a1_0.id,a1_0.annual_income,a1_0.cpf,a1_0.name from author a1_0 where a1_0.id=?
2026-05-20T12:39:18.831-03:00 TRACE 17260 --- [frankenstein-monolith] [           main] org.hibernate.orm.jdbc.bind              : binding parameter (1:BIGINT) <- [19]
2026-05-20T12:39:18.831-03:00 DEBUG 17260 --- [frankenstein-monolith] [           main] org.hibernate.SQL                        : select a1_0.id,a1_0.annual_income,a1_0.cpf,a1_0.name from author a1_0 where a1_0.id=?
Hibernate: select a1_0.id,a1_0.annual_income,a1_0.cpf,a1_0.name from author a1_0 where a1_0.id=?
2026-05-20T12:39:18.831-03:00 TRACE 17260 --- [frankenstein-monolith] [           main] org.hibernate.orm.jdbc.bind              : binding parameter (1:BIGINT) <- [20]
2026-05-20T12:39:18.832-03:00 DEBUG 17260 --- [frankenstein-monolith] [           main] org.hibernate.SQL                        : select a1_0.id,a1_0.annual_income,a1_0.cpf,a1_0.name from author a1_0 where a1_0.id=?
Hibernate: select a1_0.id,a1_0.annual_income,a1_0.cpf,a1_0.name from author a1_0 where a1_0.id=?
2026-05-20T12:39:18.832-03:00 TRACE 17260 --- [frankenstein-monolith] [           main] org.hibernate.orm.jdbc.bind              : binding parameter (1:BIGINT) <- [21]
2026-05-20T12:39:18.832-03:00 DEBUG 17260 --- [frankenstein-monolith] [           main] org.hibernate.SQL                        : select a1_0.id,a1_0.annual_income,a1_0.cpf,a1_0.name from author a1_0 where a1_0.id=?
Hibernate: select a1_0.id,a1_0.annual_income,a1_0.cpf,a1_0.name from author a1_0 where a1_0.id=?
2026-05-20T12:39:18.832-03:00 TRACE 17260 --- [frankenstein-monolith] [           main] org.hibernate.orm.jdbc.bind              : binding parameter (1:BIGINT) <- [22]
2026-05-20T12:39:18.833-03:00 DEBUG 17260 --- [frankenstein-monolith] [           main] org.hibernate.SQL                        : select a1_0.id,a1_0.annual_income,a1_0.cpf,a1_0.name from author a1_0 where a1_0.id=?
Hibernate: select a1_0.id,a1_0.annual_income,a1_0.cpf,a1_0.name from author a1_0 where a1_0.id=?
2026-05-20T12:39:18.834-03:00 TRACE 17260 --- [frankenstein-monolith] [           main] org.hibernate.orm.jdbc.bind              : binding parameter (1:BIGINT) <- [23]
2026-05-20T12:39:18.835-03:00 DEBUG 17260 --- [frankenstein-monolith] [           main] org.hibernate.SQL                        : select a1_0.id,a1_0.annual_income,a1_0.cpf,a1_0.name from author a1_0 where a1_0.id=?
Hibernate: select a1_0.id,a1_0.annual_income,a1_0.cpf,a1_0.name from author a1_0 where a1_0.id=?
2026-05-20T12:39:18.835-03:00 TRACE 17260 --- [frankenstein-monolith] [           main] org.hibernate.orm.jdbc.bind              : binding parameter (1:BIGINT) <- [24]
2026-05-20T12:39:18.836-03:00 DEBUG 17260 --- [frankenstein-monolith] [           main] org.hibernate.SQL                        : select a1_0.id,a1_0.annual_income,a1_0.cpf,a1_0.name from author a1_0 where a1_0.id=?
Hibernate: select a1_0.id,a1_0.annual_income,a1_0.cpf,a1_0.name from author a1_0 where a1_0.id=?
2026-05-20T12:39:18.837-03:00 TRACE 17260 --- [frankenstein-monolith] [           main] org.hibernate.orm.jdbc.bind              : binding parameter (1:BIGINT) <- [25]
2026-05-20T12:39:18.837-03:00 DEBUG 17260 --- [frankenstein-monolith] [           main] org.hibernate.SQL                        : select a1_0.id,a1_0.annual_income,a1_0.cpf,a1_0.name from author a1_0 where a1_0.id=?
Hibernate: select a1_0.id,a1_0.annual_income,a1_0.cpf,a1_0.name from author a1_0 where a1_0.id=?
2026-05-20T12:39:18.837-03:00 TRACE 17260 --- [frankenstein-monolith] [           main] org.hibernate.orm.jdbc.bind              : binding parameter (1:BIGINT) <- [26]
2026-05-20T12:39:18.838-03:00 DEBUG 17260 --- [frankenstein-monolith] [           main] org.hibernate.SQL                        : select a1_0.id,a1_0.annual_income,a1_0.cpf,a1_0.name from author a1_0 where a1_0.id=?
Hibernate: select a1_0.id,a1_0.annual_income,a1_0.cpf,a1_0.name from author a1_0 where a1_0.id=?
2026-05-20T12:39:18.838-03:00 TRACE 17260 --- [frankenstein-monolith] [           main] org.hibernate.orm.jdbc.bind              : binding parameter (1:BIGINT) <- [27]
2026-05-20T12:39:18.839-03:00 DEBUG 17260 --- [frankenstein-monolith] [           main] org.hibernate.SQL                        : select a1_0.id,a1_0.annual_income,a1_0.cpf,a1_0.name from author a1_0 where a1_0.id=?
Hibernate: select a1_0.id,a1_0.annual_income,a1_0.cpf,a1_0.name from author a1_0 where a1_0.id=?
2026-05-20T12:39:18.839-03:00 TRACE 17260 --- [frankenstein-monolith] [           main] org.hibernate.orm.jdbc.bind              : binding parameter (1:BIGINT) <- [28]
2026-05-20T12:39:18.839-03:00 DEBUG 17260 --- [frankenstein-monolith] [           main] org.hibernate.SQL                        : select a1_0.id,a1_0.annual_income,a1_0.cpf,a1_0.name from author a1_0 where a1_0.id=?
Hibernate: select a1_0.id,a1_0.annual_income,a1_0.cpf,a1_0.name from author a1_0 where a1_0.id=?
2026-05-20T12:39:18.839-03:00 TRACE 17260 --- [frankenstein-monolith] [           main] org.hibernate.orm.jdbc.bind              : binding parameter (1:BIGINT) <- [29]
2026-05-20T12:39:18.840-03:00 DEBUG 17260 --- [frankenstein-monolith] [           main] org.hibernate.SQL                        : select a1_0.id,a1_0.annual_income,a1_0.cpf,a1_0.name from author a1_0 where a1_0.id=?
Hibernate: select a1_0.id,a1_0.annual_income,a1_0.cpf,a1_0.name from author a1_0 where a1_0.id=?
2026-05-20T12:39:18.840-03:00 TRACE 17260 --- [frankenstein-monolith] [           main] org.hibernate.orm.jdbc.bind              : binding parameter (1:BIGINT) <- [30]
2026-05-20T12:39:18.842-03:00 DEBUG 17260 --- [frankenstein-monolith] [           main] org.hibernate.SQL                        : select a1_0.id,a1_0.annual_income,a1_0.cpf,a1_0.name from author a1_0 where a1_0.id=?
Hibernate: select a1_0.id,a1_0.annual_income,a1_0.cpf,a1_0.name from author a1_0 where a1_0.id=?
2026-05-20T12:39:18.842-03:00 TRACE 17260 --- [frankenstein-monolith] [           main] org.hibernate.orm.jdbc.bind              : binding parameter (1:BIGINT) <- [31]
2026-05-20T12:39:18.843-03:00 DEBUG 17260 --- [frankenstein-monolith] [           main] org.hibernate.SQL                        : select a1_0.id,a1_0.annual_income,a1_0.cpf,a1_0.name from author a1_0 where a1_0.id=?
Hibernate: select a1_0.id,a1_0.annual_income,a1_0.cpf,a1_0.name from author a1_0 where a1_0.id=?
2026-05-20T12:39:18.843-03:00 TRACE 17260 --- [frankenstein-monolith] [           main] org.hibernate.orm.jdbc.bind              : binding parameter (1:BIGINT) <- [32]
2026-05-20T12:39:18.844-03:00 DEBUG 17260 --- [frankenstein-monolith] [           main] org.hibernate.SQL                        : select a1_0.id,a1_0.annual_income,a1_0.cpf,a1_0.name from author a1_0 where a1_0.id=?
Hibernate: select a1_0.id,a1_0.annual_income,a1_0.cpf,a1_0.name from author a1_0 where a1_0.id=?
2026-05-20T12:39:18.844-03:00 TRACE 17260 --- [frankenstein-monolith] [           main] org.hibernate.orm.jdbc.bind              : binding parameter (1:BIGINT) <- [33]
2026-05-20T12:39:18.845-03:00 DEBUG 17260 --- [frankenstein-monolith] [           main] org.hibernate.SQL                        : select a1_0.id,a1_0.annual_income,a1_0.cpf,a1_0.name from author a1_0 where a1_0.id=?
Hibernate: select a1_0.id,a1_0.annual_income,a1_0.cpf,a1_0.name from author a1_0 where a1_0.id=?
2026-05-20T12:39:18.845-03:00 TRACE 17260 --- [frankenstein-monolith] [           main] org.hibernate.orm.jdbc.bind              : binding parameter (1:BIGINT) <- [34]
2026-05-20T12:39:18.846-03:00 DEBUG 17260 --- [frankenstein-monolith] [           main] org.hibernate.SQL                        : select a1_0.id,a1_0.annual_income,a1_0.cpf,a1_0.name from author a1_0 where a1_0.id=?
Hibernate: select a1_0.id,a1_0.annual_income,a1_0.cpf,a1_0.name from author a1_0 where a1_0.id=?
2026-05-20T12:39:18.846-03:00 TRACE 17260 --- [frankenstein-monolith] [           main] org.hibernate.orm.jdbc.bind              : binding parameter (1:BIGINT) <- [35]
2026-05-20T12:39:18.847-03:00 DEBUG 17260 --- [frankenstein-monolith] [           main] org.hibernate.SQL                        : select a1_0.id,a1_0.annual_income,a1_0.cpf,a1_0.name from author a1_0 where a1_0.id=?
Hibernate: select a1_0.id,a1_0.annual_income,a1_0.cpf,a1_0.name from author a1_0 where a1_0.id=?
2026-05-20T12:39:18.847-03:00 TRACE 17260 --- [frankenstein-monolith] [           main] org.hibernate.orm.jdbc.bind              : binding parameter (1:BIGINT) <- [36]
2026-05-20T12:39:18.848-03:00 DEBUG 17260 --- [frankenstein-monolith] [           main] org.hibernate.SQL                        : select a1_0.id,a1_0.annual_income,a1_0.cpf,a1_0.name from author a1_0 where a1_0.id=?
Hibernate: select a1_0.id,a1_0.annual_income,a1_0.cpf,a1_0.name from author a1_0 where a1_0.id=?
2026-05-20T12:39:18.850-03:00 TRACE 17260 --- [frankenstein-monolith] [           main] org.hibernate.orm.jdbc.bind              : binding parameter (1:BIGINT) <- [37]
2026-05-20T12:39:18.851-03:00 DEBUG 17260 --- [frankenstein-monolith] [           main] org.hibernate.SQL                        : select a1_0.id,a1_0.annual_income,a1_0.cpf,a1_0.name from author a1_0 where a1_0.id=?
Hibernate: select a1_0.id,a1_0.annual_income,a1_0.cpf,a1_0.name from author a1_0 where a1_0.id=?
2026-05-20T12:39:18.851-03:00 TRACE 17260 --- [frankenstein-monolith] [           main] org.hibernate.orm.jdbc.bind              : binding parameter (1:BIGINT) <- [38]
2026-05-20T12:39:18.852-03:00 DEBUG 17260 --- [frankenstein-monolith] [           main] org.hibernate.SQL                        : select a1_0.id,a1_0.annual_income,a1_0.cpf,a1_0.name from author a1_0 where a1_0.id=?
Hibernate: select a1_0.id,a1_0.annual_income,a1_0.cpf,a1_0.name from author a1_0 where a1_0.id=?
2026-05-20T12:39:18.852-03:00 TRACE 17260 --- [frankenstein-monolith] [           main] org.hibernate.orm.jdbc.bind              : binding parameter (1:BIGINT) <- [39]
2026-05-20T12:39:18.852-03:00 DEBUG 17260 --- [frankenstein-monolith] [           main] org.hibernate.SQL                        : select a1_0.id,a1_0.annual_income,a1_0.cpf,a1_0.name from author a1_0 where a1_0.id=?
Hibernate: select a1_0.id,a1_0.annual_income,a1_0.cpf,a1_0.name from author a1_0 where a1_0.id=?
2026-05-20T12:39:18.852-03:00 TRACE 17260 --- [frankenstein-monolith] [           main] org.hibernate.orm.jdbc.bind              : binding parameter (1:BIGINT) <- [40]
2026-05-20T12:39:18.853-03:00 DEBUG 17260 --- [frankenstein-monolith] [           main] org.hibernate.SQL                        : select a1_0.id,a1_0.annual_income,a1_0.cpf,a1_0.name from author a1_0 where a1_0.id=?
Hibernate: select a1_0.id,a1_0.annual_income,a1_0.cpf,a1_0.name from author a1_0 where a1_0.id=?
2026-05-20T12:39:18.853-03:00 TRACE 17260 --- [frankenstein-monolith] [           main] org.hibernate.orm.jdbc.bind              : binding parameter (1:BIGINT) <- [41]
2026-05-20T12:39:18.853-03:00 DEBUG 17260 --- [frankenstein-monolith] [           main] org.hibernate.SQL                        : select a1_0.id,a1_0.annual_income,a1_0.cpf,a1_0.name from author a1_0 where a1_0.id=?
Hibernate: select a1_0.id,a1_0.annual_income,a1_0.cpf,a1_0.name from author a1_0 where a1_0.id=?
2026-05-20T12:39:18.853-03:00 TRACE 17260 --- [frankenstein-monolith] [           main] org.hibernate.orm.jdbc.bind              : binding parameter (1:BIGINT) <- [42]
2026-05-20T12:39:18.854-03:00 DEBUG 17260 --- [frankenstein-monolith] [           main] org.hibernate.SQL                        : select a1_0.id,a1_0.annual_income,a1_0.cpf,a1_0.name from author a1_0 where a1_0.id=?
Hibernate: select a1_0.id,a1_0.annual_income,a1_0.cpf,a1_0.name from author a1_0 where a1_0.id=?
2026-05-20T12:39:18.855-03:00 TRACE 17260 --- [frankenstein-monolith] [           main] org.hibernate.orm.jdbc.bind              : binding parameter (1:BIGINT) <- [43]
2026-05-20T12:39:18.856-03:00 DEBUG 17260 --- [frankenstein-monolith] [           main] org.hibernate.SQL                        : select a1_0.id,a1_0.annual_income,a1_0.cpf,a1_0.name from author a1_0 where a1_0.id=?
Hibernate: select a1_0.id,a1_0.annual_income,a1_0.cpf,a1_0.name from author a1_0 where a1_0.id=?
2026-05-20T12:39:18.856-03:00 TRACE 17260 --- [frankenstein-monolith] [           main] org.hibernate.orm.jdbc.bind              : binding parameter (1:BIGINT) <- [44]
2026-05-20T12:39:18.857-03:00 DEBUG 17260 --- [frankenstein-monolith] [           main] org.hibernate.SQL                        : select a1_0.id,a1_0.annual_income,a1_0.cpf,a1_0.name from author a1_0 where a1_0.id=?
Hibernate: select a1_0.id,a1_0.annual_income,a1_0.cpf,a1_0.name from author a1_0 where a1_0.id=?
2026-05-20T12:39:18.858-03:00 TRACE 17260 --- [frankenstein-monolith] [           main] org.hibernate.orm.jdbc.bind              : binding parameter (1:BIGINT) <- [45]
2026-05-20T12:39:18.858-03:00 DEBUG 17260 --- [frankenstein-monolith] [           main] org.hibernate.SQL                        : select a1_0.id,a1_0.annual_income,a1_0.cpf,a1_0.name from author a1_0 where a1_0.id=?
Hibernate: select a1_0.id,a1_0.annual_income,a1_0.cpf,a1_0.name from author a1_0 where a1_0.id=?
2026-05-20T12:39:18.858-03:00 TRACE 17260 --- [frankenstein-monolith] [           main] org.hibernate.orm.jdbc.bind              : binding parameter (1:BIGINT) <- [46]
2026-05-20T12:39:18.859-03:00 DEBUG 17260 --- [frankenstein-monolith] [           main] org.hibernate.SQL                        : select a1_0.id,a1_0.annual_income,a1_0.cpf,a1_0.name from author a1_0 where a1_0.id=?
Hibernate: select a1_0.id,a1_0.annual_income,a1_0.cpf,a1_0.name from author a1_0 where a1_0.id=?
2026-05-20T12:39:18.859-03:00 TRACE 17260 --- [frankenstein-monolith] [           main] org.hibernate.orm.jdbc.bind              : binding parameter (1:BIGINT) <- [47]
2026-05-20T12:39:18.859-03:00 DEBUG 17260 --- [frankenstein-monolith] [           main] org.hibernate.SQL                        : select a1_0.id,a1_0.annual_income,a1_0.cpf,a1_0.name from author a1_0 where a1_0.id=?
Hibernate: select a1_0.id,a1_0.annual_income,a1_0.cpf,a1_0.name from author a1_0 where a1_0.id=?
2026-05-20T12:39:18.859-03:00 TRACE 17260 --- [frankenstein-monolith] [           main] org.hibernate.orm.jdbc.bind              : binding parameter (1:BIGINT) <- [48]
2026-05-20T12:39:18.860-03:00 DEBUG 17260 --- [frankenstein-monolith] [           main] org.hibernate.SQL                        : select a1_0.id,a1_0.annual_income,a1_0.cpf,a1_0.name from author a1_0 where a1_0.id=?
Hibernate: select a1_0.id,a1_0.annual_income,a1_0.cpf,a1_0.name from author a1_0 where a1_0.id=?
2026-05-20T12:39:18.860-03:00 TRACE 17260 --- [frankenstein-monolith] [           main] org.hibernate.orm.jdbc.bind              : binding parameter (1:BIGINT) <- [49]
2026-05-20T12:39:18.860-03:00 DEBUG 17260 --- [frankenstein-monolith] [           main] org.hibernate.SQL                        : select a1_0.id,a1_0.annual_income,a1_0.cpf,a1_0.name from author a1_0 where a1_0.id=?
Hibernate: select a1_0.id,a1_0.annual_income,a1_0.cpf,a1_0.name from author a1_0 where a1_0.id=?
2026-05-20T12:39:18.860-03:00 TRACE 17260 --- [frankenstein-monolith] [           main] org.hibernate.orm.jdbc.bind              : binding parameter (1:BIGINT) <- [50]
]]></system-out>
  </testcase>
</testsuite>