<?xml version="1.0" encoding="UTF-8"?>
<testsuite xmlns:xsi="http://www.w3.org/2001/XMLSchema-instance" xsi:noNamespaceSchemaLocation="https://maven.apache.org/surefire/maven-surefire-plugin/xsd/surefire-test-report-3.0.xsd" version="3.0" name="com.example.frankenstein.repository.AuthorRepositoryNPlusOneTest" time="0.502" tests="2" errors="0" skipped="0" failures="0">
  <properties>
[...]
</properties>
  <testcase name="shouldLoadAuthorsAndBooksWithSingleQueryUsingFetchJoin" classname="com.example.frankenstein.repository.AuthorRepositoryNPlusOneTest" time="0.063">
    <system-out><![CDATA[2026-05-20T12:39:18.999-03:00  INFO 17260 --- [frankenstein-monolith] [           main] t.c.s.AnnotationConfigContextLoaderUtils : Could not detect default configuration classes for test class [com.example.frankenstein.repository.AuthorRepositoryNPlusOneTest]: AuthorRepositoryNPlusOneTest does not declare any static, non-private, non-final, nested classes annotated with @Configuration.
2026-05-20T12:39:19.031-03:00  INFO 17260 --- [frankenstein-monolith] [           main] .b.t.c.SpringBootTestContextBootstrapper : Found @SpringBootConfiguration com.example.frankenstein.FrankensteinApplication for test class com.example.frankenstein.repository.AuthorRepositoryNPlusOneTest

  .   ____          _            __ _ _
 /\\ / ___'_ __ _ _(_)_ __  __ _ \ \ \ \
( ( )\___ | '_ | '_| | '_ \/ _` | \ \ \ \
 \\/  ___)| |_)| | | | | || (_| |  ) ) ) )
  '  |____| .__|_| |_|_| |_\__, | / / / /
 =========|_|==============|___/=/_/_/_/
 :: Spring Boot ::                (v3.2.4)

2026-05-20T12:39:19.080-03:00  INFO 17260 --- [frankenstein-monolith] [           main] c.e.f.r.AuthorRepositoryNPlusOneTest     : Starting AuthorRepositoryNPlusOneTest using Java 25.0.2 with PID 17260 (started by kali in c:\Users\kali\Documents\GitHub\backendAvancado\frankenstein-monolith)
2026-05-20T12:39:19.081-03:00  INFO 17260 --- [frankenstein-monolith] [           main] c.e.f.r.AuthorRepositoryNPlusOneTest     : The following 1 profile is active: "test"
2026-05-20T12:39:19.178-03:00  INFO 17260 --- [frankenstein-monolith] [           main] .s.d.r.c.RepositoryConfigurationDelegate : Bootstrapping Spring Data JPA repositories in DEFAULT mode.
2026-05-20T12:39:19.193-03:00  INFO 17260 --- [frankenstein-monolith] [           main] .s.d.r.c.RepositoryConfigurationDelegate : Finished Spring Data repository scanning in 14 ms. Found 3 JPA repository interfaces.
2026-05-20T12:39:19.202-03:00  INFO 17260 --- [frankenstein-monolith] [           main] beddedDataSourceBeanFactoryPostProcessor : Replacing 'dataSource' DataSource bean with embedded version
2026-05-20T12:39:19.217-03:00  INFO 17260 --- [frankenstein-monolith] [           main] o.s.j.d.e.EmbeddedDatabaseFactory        : Starting embedded database: url='jdbc:h2:mem:1056ebdb-79f7-4741-abcb-32574d82d4c0;DB_CLOSE_DELAY=-1;DB_CLOSE_ON_EXIT=false', username='sa'
2026-05-20T12:39:19.235-03:00  INFO 17260 --- [frankenstein-monolith] [           main] o.hibernate.jpa.internal.util.LogHelper  : HHH000204: Processing PersistenceUnitInfo [name: default]
2026-05-20T12:39:19.239-03:00  INFO 17260 --- [frankenstein-monolith] [           main] o.h.c.internal.RegionFactoryInitiator    : HHH000026: Second-level cache disabled
2026-05-20T12:39:19.243-03:00  INFO 17260 --- [frankenstein-monolith] [           main] o.s.o.j.p.SpringPersistenceUnitInfo      : No LoadTimeWeaver setup: ignoring JPA class transformer
2026-05-20T12:39:19.245-03:00  WARN 17260 --- [frankenstein-monolith] [           main] org.hibernate.orm.deprecation            : HHH90000025: H2Dialect does not need to be specified explicitly using 'hibernate.dialect' (remove the property setting and it will be selected by default)
2026-05-20T12:39:19.294-03:00  INFO 17260 --- [frankenstein-monolith] [           main] o.h.e.t.j.p.i.JtaPlatformInitiator       : HHH000489: No JTA platform available (set 'hibernate.transaction.jta.platform' to enable JTA platform integration)
2026-05-20T12:39:19.295-03:00 DEBUG 17260 --- [frankenstein-monolith] [           main] org.hibernate.SQL                        : drop table if exists app_user cascade 
Hibernate: drop table if exists app_user cascade 
2026-05-20T12:39:19.295-03:00 DEBUG 17260 --- [frankenstein-monolith] [           main] org.hibernate.SQL                        : drop table if exists author cascade 
Hibernate: drop table if exists author cascade 
2026-05-20T12:39:19.295-03:00 DEBUG 17260 --- [frankenstein-monolith] [           main] org.hibernate.SQL                        : drop table if exists book cascade 
Hibernate: drop table if exists book cascade 
2026-05-20T12:39:19.296-03:00 DEBUG 17260 --- [frankenstein-monolith] [           main] org.hibernate.SQL                        : create table app_user (id bigint generated by default as identity, password varchar(255) not null, user_role varchar(255) not null check (user_role in ('ADMIN','USER')), username varchar(255) not null unique, primary key (id))
Hibernate: create table app_user (id bigint generated by default as identity, password varchar(255) not null, user_role varchar(255) not null check (user_role in ('ADMIN','USER')), username varchar(255) not null unique, primary key (id))
2026-05-20T12:39:19.297-03:00 DEBUG 17260 --- [frankenstein-monolith] [           main] org.hibernate.SQL                        : create table author (annual_income float(53), id bigint generated by default as identity, cpf varchar(255), name varchar(255), primary key (id))
Hibernate: create table author (annual_income float(53), id bigint generated by default as identity, cpf varchar(255), name varchar(255), primary key (id))
2026-05-20T12:39:19.298-03:00 DEBUG 17260 --- [frankenstein-monolith] [           main] org.hibernate.SQL                        : create table book (author_id bigint, id bigint generated by default as identity, title varchar(255), primary key (id))
Hibernate: create table book (author_id bigint, id bigint generated by default as identity, title varchar(255), primary key (id))
2026-05-20T12:39:19.299-03:00 DEBUG 17260 --- [frankenstein-monolith] [           main] org.hibernate.SQL                        : alter table if exists book add constraint FKklnrv3weler2ftkweewlky958 foreign key (author_id) references author
Hibernate: alter table if exists book add constraint FKklnrv3weler2ftkweewlky958 foreign key (author_id) references author
2026-05-20T12:39:19.303-03:00  INFO 17260 --- [frankenstein-monolith] [           main] j.LocalContainerEntityManagerFactoryBean : Initialized JPA EntityManagerFactory for persistence unit 'default'
2026-05-20T12:39:19.315-03:00  INFO 17260 --- [frankenstein-monolith] [           main] i.StatisticalLoggingSessionEventListener : Session Metrics {
    0 nanoseconds spent acquiring 0 JDBC connections;
    0 nanoseconds spent releasing 0 JDBC connections;
    0 nanoseconds spent preparing 0 JDBC statements;
    0 nanoseconds spent executing 0 JDBC statements;
    0 nanoseconds spent executing 0 JDBC batches;
    0 nanoseconds spent performing 0 L2C puts;
    0 nanoseconds spent performing 0 L2C hits;
    0 nanoseconds spent performing 0 L2C misses;
    0 nanoseconds spent executing 0 flushes (flushing a total of 0 entities and 0 collections);
    0 nanoseconds spent executing 0 partial-flushes (flushing a total of 0 entities and 0 collections)
}
2026-05-20T12:39:19.319-03:00  INFO 17260 --- [frankenstein-monolith] [           main] i.StatisticalLoggingSessionEventListener : Session Metrics {
    0 nanoseconds spent acquiring 0 JDBC connections;
    0 nanoseconds spent releasing 0 JDBC connections;
    0 nanoseconds spent preparing 0 JDBC statements;
    0 nanoseconds spent executing 0 JDBC statements;
    0 nanoseconds spent executing 0 JDBC batches;
    0 nanoseconds spent performing 0 L2C puts;
    0 nanoseconds spent performing 0 L2C hits;
    0 nanoseconds spent performing 0 L2C misses;
    0 nanoseconds spent executing 0 flushes (flushing a total of 0 entities and 0 collections);
    0 nanoseconds spent executing 0 partial-flushes (flushing a total of 0 entities and 0 collections)
}
2026-05-20T12:39:19.326-03:00  INFO 17260 --- [frankenstein-monolith] [           main] i.StatisticalLoggingSessionEventListener : Session Metrics {
    0 nanoseconds spent acquiring 0 JDBC connections;
    0 nanoseconds spent releasing 0 JDBC connections;
    0 nanoseconds spent preparing 0 JDBC statements;
    0 nanoseconds spent executing 0 JDBC statements;
    0 nanoseconds spent executing 0 JDBC batches;
    0 nanoseconds spent performing 0 L2C puts;
    0 nanoseconds spent performing 0 L2C hits;
    0 nanoseconds spent performing 0 L2C misses;
    0 nanoseconds spent executing 0 flushes (flushing a total of 0 entities and 0 collections);
    0 nanoseconds spent executing 0 partial-flushes (flushing a total of 0 entities and 0 collections)
}
2026-05-20T12:39:19.327-03:00  INFO 17260 --- [frankenstein-monolith] [           main] i.StatisticalLoggingSessionEventListener : Session Metrics {
    0 nanoseconds spent acquiring 0 JDBC connections;
    0 nanoseconds spent releasing 0 JDBC connections;
    0 nanoseconds spent preparing 0 JDBC statements;
    0 nanoseconds spent executing 0 JDBC statements;
    0 nanoseconds spent executing 0 JDBC batches;
    0 nanoseconds spent performing 0 L2C puts;
    0 nanoseconds spent performing 0 L2C hits;
    0 nanoseconds spent performing 0 L2C misses;
    0 nanoseconds spent executing 0 flushes (flushing a total of 0 entities and 0 collections);
    0 nanoseconds spent executing 0 partial-flushes (flushing a total of 0 entities and 0 collections)
}
2026-05-20T12:39:19.329-03:00  INFO 17260 --- [frankenstein-monolith] [           main] i.StatisticalLoggingSessionEventListener : Session Metrics {
    0 nanoseconds spent acquiring 0 JDBC connections;
    0 nanoseconds spent releasing 0 JDBC connections;
    0 nanoseconds spent preparing 0 JDBC statements;
    0 nanoseconds spent executing 0 JDBC statements;
    0 nanoseconds spent executing 0 JDBC batches;
    0 nanoseconds spent performing 0 L2C puts;
    0 nanoseconds spent performing 0 L2C hits;
    0 nanoseconds spent performing 0 L2C misses;
    0 nanoseconds spent executing 0 flushes (flushing a total of 0 entities and 0 collections);
    0 nanoseconds spent executing 0 partial-flushes (flushing a total of 0 entities and 0 collections)
}
2026-05-20T12:39:19.332-03:00  INFO 17260 --- [frankenstein-monolith] [           main] i.StatisticalLoggingSessionEventListener : Session Metrics {
    0 nanoseconds spent acquiring 0 JDBC connections;
    0 nanoseconds spent releasing 0 JDBC connections;
    0 nanoseconds spent preparing 0 JDBC statements;
    0 nanoseconds spent executing 0 JDBC statements;
    0 nanoseconds spent executing 0 JDBC batches;
    0 nanoseconds spent performing 0 L2C puts;
    0 nanoseconds spent performing 0 L2C hits;
    0 nanoseconds spent performing 0 L2C misses;
    0 nanoseconds spent executing 0 flushes (flushing a total of 0 entities and 0 collections);
    0 nanoseconds spent executing 0 partial-flushes (flushing a total of 0 entities and 0 collections)
}
2026-05-20T12:39:19.335-03:00  INFO 17260 --- [frankenstein-monolith] [           main] i.StatisticalLoggingSessionEventListener : Session Metrics {
    0 nanoseconds spent acquiring 0 JDBC connections;
    0 nanoseconds spent releasing 0 JDBC connections;
    0 nanoseconds spent preparing 0 JDBC statements;
    0 nanoseconds spent executing 0 JDBC statements;
    0 nanoseconds spent executing 0 JDBC batches;
    0 nanoseconds spent performing 0 L2C puts;
    0 nanoseconds spent performing 0 L2C hits;
    0 nanoseconds spent performing 0 L2C misses;
    0 nanoseconds spent executing 0 flushes (flushing a total of 0 entities and 0 collections);
    0 nanoseconds spent executing 0 partial-flushes (flushing a total of 0 entities and 0 collections)
}
2026-05-20T12:39:19.339-03:00  INFO 17260 --- [frankenstein-monolith] [           main] i.StatisticalLoggingSessionEventListener : Session Metrics {
    0 nanoseconds spent acquiring 0 JDBC connections;
    0 nanoseconds spent releasing 0 JDBC connections;
    0 nanoseconds spent preparing 0 JDBC statements;
    0 nanoseconds spent executing 0 JDBC statements;
    0 nanoseconds spent executing 0 JDBC batches;
    0 nanoseconds spent performing 0 L2C puts;
    0 nanoseconds spent performing 0 L2C hits;
    0 nanoseconds spent performing 0 L2C misses;
    0 nanoseconds spent executing 0 flushes (flushing a total of 0 entities and 0 collections);
    0 nanoseconds spent executing 0 partial-flushes (flushing a total of 0 entities and 0 collections)
}
2026-05-20T12:39:19.340-03:00  INFO 17260 --- [frankenstein-monolith] [           main] i.StatisticalLoggingSessionEventListener : Session Metrics {
    0 nanoseconds spent acquiring 0 JDBC connections;
    0 nanoseconds spent releasing 0 JDBC connections;
    0 nanoseconds spent preparing 0 JDBC statements;
    0 nanoseconds spent executing 0 JDBC statements;
    0 nanoseconds spent executing 0 JDBC batches;
    0 nanoseconds spent performing 0 L2C puts;
    0 nanoseconds spent performing 0 L2C hits;
    0 nanoseconds spent performing 0 L2C misses;
    0 nanoseconds spent executing 0 flushes (flushing a total of 0 entities and 0 collections);
    0 nanoseconds spent executing 0 partial-flushes (flushing a total of 0 entities and 0 collections)
}
2026-05-20T12:39:19.343-03:00  INFO 17260 --- [frankenstein-monolith] [           main] i.StatisticalLoggingSessionEventListener : Session Metrics {
    0 nanoseconds spent acquiring 0 JDBC connections;
    0 nanoseconds spent releasing 0 JDBC connections;
    0 nanoseconds spent preparing 0 JDBC statements;
    0 nanoseconds spent executing 0 JDBC statements;
    0 nanoseconds spent executing 0 JDBC batches;
    0 nanoseconds spent performing 0 L2C puts;
    0 nanoseconds spent performing 0 L2C hits;
    0 nanoseconds spent performing 0 L2C misses;
    0 nanoseconds spent executing 0 flushes (flushing a total of 0 entities and 0 collections);
    0 nanoseconds spent executing 0 partial-flushes (flushing a total of 0 entities and 0 collections)
}
2026-05-20T12:39:19.343-03:00  INFO 17260 --- [frankenstein-monolith] [           main] i.StatisticalLoggingSessionEventListener : Session Metrics {
    0 nanoseconds spent acquiring 0 JDBC connections;
    0 nanoseconds spent releasing 0 JDBC connections;
    0 nanoseconds spent preparing 0 JDBC statements;
    0 nanoseconds spent executing 0 JDBC statements;
    0 nanoseconds spent executing 0 JDBC batches;
    0 nanoseconds spent performing 0 L2C puts;
    0 nanoseconds spent performing 0 L2C hits;
    0 nanoseconds spent performing 0 L2C misses;
    0 nanoseconds spent executing 0 flushes (flushing a total of 0 entities and 0 collections);
    0 nanoseconds spent executing 0 partial-flushes (flushing a total of 0 entities and 0 collections)
}
2026-05-20T12:39:19.384-03:00  INFO 17260 --- [frankenstein-monolith] [           main] c.e.f.r.AuthorRepositoryNPlusOneTest     : Started AuthorRepositoryNPlusOneTest in 0.35 seconds (process running for 7.629)
2026-05-20T12:39:19.413-03:00 DEBUG 17260 --- [frankenstein-monolith] [           main] org.hibernate.SQL                        : select count(*) from author a1_0
Hibernate: select count(*) from author a1_0
2026-05-20T12:39:19.432-03:00 DEBUG 17260 --- [frankenstein-monolith] [           main] org.hibernate.SQL                        : select distinct a1_0.id,a1_0.annual_income,b1_0.author_id,b1_0.id,b1_0.title,a1_0.cpf,a1_0.name from author a1_0 left join book b1_0 on a1_0.id=b1_0.author_id
Hibernate: select distinct a1_0.id,a1_0.annual_income,b1_0.author_id,b1_0.id,b1_0.title,a1_0.cpf,a1_0.name from author a1_0 left join book b1_0 on a1_0.id=b1_0.author_id
2026-05-20T12:39:19.449-03:00  INFO 17260 --- [frankenstein-monolith] [           main] i.StatisticalLoggingSessionEventListener : Session Metrics {
    365600 nanoseconds spent acquiring 1 JDBC connections;
    0 nanoseconds spent releasing 0 JDBC connections;
    1703800 nanoseconds spent preparing 2 JDBC statements;
    1974900 nanoseconds spent executing 2 JDBC statements;
    0 nanoseconds spent executing 0 JDBC batches;
    0 nanoseconds spent performing 0 L2C puts;
    0 nanoseconds spent performing 0 L2C hits;
    0 nanoseconds spent performing 0 L2C misses;
    0 nanoseconds spent executing 0 flushes (flushing a total of 0 entities and 0 collections);
    19800 nanoseconds spent executing 2 partial-flushes (flushing a total of 0 entities and 0 collections)
}
]]></system-out>
  </testcase>
  <testcase name="shouldShowNPlusOneBehaviorWhenUsingDefaultFindAllAndTraversingBooks" classname="com.example.frankenstein.repository.AuthorRepositoryNPlusOneTest" time="0.044">
    <system-out><![CDATA[2026-05-20T12:39:19.455-03:00 DEBUG 17260 --- [frankenstein-monolith] [           main] org.hibernate.SQL                        : select count(*) from author a1_0
Hibernate: select count(*) from author a1_0
2026-05-20T12:39:19.458-03:00 DEBUG 17260 --- [frankenstein-monolith] [           main] org.hibernate.SQL                        : select a1_0.id,a1_0.annual_income,a1_0.cpf,a1_0.name from author a1_0
Hibernate: select a1_0.id,a1_0.annual_income,a1_0.cpf,a1_0.name from author a1_0
2026-05-20T12:39:19.469-03:00 DEBUG 17260 --- [frankenstein-monolith] [           main] org.hibernate.SQL                        : select b1_0.author_id,b1_0.id,b1_0.title from book b1_0 where b1_0.author_id=?
Hibernate: select b1_0.author_id,b1_0.id,b1_0.title from book b1_0 where b1_0.author_id=?
2026-05-20T12:39:19.469-03:00 TRACE 17260 --- [frankenstein-monolith] [           main] org.hibernate.orm.jdbc.bind              : binding parameter (1:BIGINT) <- [1]
2026-05-20T12:39:19.471-03:00 DEBUG 17260 --- [frankenstein-monolith] [           main] org.hibernate.SQL                        : select b1_0.author_id,b1_0.id,b1_0.title from book b1_0 where b1_0.author_id=?
Hibernate: select b1_0.author_id,b1_0.id,b1_0.title from book b1_0 where b1_0.author_id=?
2026-05-20T12:39:19.471-03:00 TRACE 17260 --- [frankenstein-monolith] [           main] org.hibernate.orm.jdbc.bind              : binding parameter (1:BIGINT) <- [2]
2026-05-20T12:39:19.472-03:00 DEBUG 17260 --- [frankenstein-monolith] [           main] org.hibernate.SQL                        : select b1_0.author_id,b1_0.id,b1_0.title from book b1_0 where b1_0.author_id=?
Hibernate: select b1_0.author_id,b1_0.id,b1_0.title from book b1_0 where b1_0.author_id=?
2026-05-20T12:39:19.472-03:00 TRACE 17260 --- [frankenstein-monolith] [           main] org.hibernate.orm.jdbc.bind              : binding parameter (1:BIGINT) <- [3]
2026-05-20T12:39:19.472-03:00 DEBUG 17260 --- [frankenstein-monolith] [           main] org.hibernate.SQL                        : select b1_0.author_id,b1_0.id,b1_0.title from book b1_0 where b1_0.author_id=?
Hibernate: select b1_0.author_id,b1_0.id,b1_0.title from book b1_0 where b1_0.author_id=?
2026-05-20T12:39:19.472-03:00 TRACE 17260 --- [frankenstein-monolith] [           main] org.hibernate.orm.jdbc.bind              : binding parameter (1:BIGINT) <- [4]
2026-05-20T12:39:19.473-03:00 DEBUG 17260 --- [frankenstein-monolith] [           main] org.hibernate.SQL                        : select b1_0.author_id,b1_0.id,b1_0.title from book b1_0 where b1_0.author_id=?
Hibernate: select b1_0.author_id,b1_0.id,b1_0.title from book b1_0 where b1_0.author_id=?
2026-05-20T12:39:19.473-03:00 TRACE 17260 --- [frankenstein-monolith] [           main] org.hibernate.orm.jdbc.bind              : binding parameter (1:BIGINT) <- [5]
2026-05-20T12:39:19.474-03:00 DEBUG 17260 --- [frankenstein-monolith] [           main] org.hibernate.SQL                        : select b1_0.author_id,b1_0.id,b1_0.title from book b1_0 where b1_0.author_id=?
Hibernate: select b1_0.author_id,b1_0.id,b1_0.title from book b1_0 where b1_0.author_id=?
2026-05-20T12:39:19.474-03:00 TRACE 17260 --- [frankenstein-monolith] [           main] org.hibernate.orm.jdbc.bind              : binding parameter (1:BIGINT) <- [6]
2026-05-20T12:39:19.475-03:00 DEBUG 17260 --- [frankenstein-monolith] [           main] org.hibernate.SQL                        : select b1_0.author_id,b1_0.id,b1_0.title from book b1_0 where b1_0.author_id=?
Hibernate: select b1_0.author_id,b1_0.id,b1_0.title from book b1_0 where b1_0.author_id=?
2026-05-20T12:39:19.475-03:00 TRACE 17260 --- [frankenstein-monolith] [           main] org.hibernate.orm.jdbc.bind              : binding parameter (1:BIGINT) <- [7]
2026-05-20T12:39:19.475-03:00 DEBUG 17260 --- [frankenstein-monolith] [           main] org.hibernate.SQL                        : select b1_0.author_id,b1_0.id,b1_0.title from book b1_0 where b1_0.author_id=?
Hibernate: select b1_0.author_id,b1_0.id,b1_0.title from book b1_0 where b1_0.author_id=?
2026-05-20T12:39:19.475-03:00 TRACE 17260 --- [frankenstein-monolith] [           main] org.hibernate.orm.jdbc.bind              : binding parameter (1:BIGINT) <- [8]
2026-05-20T12:39:19.476-03:00 DEBUG 17260 --- [frankenstein-monolith] [           main] org.hibernate.SQL                        : select b1_0.author_id,b1_0.id,b1_0.title from book b1_0 where b1_0.author_id=?
Hibernate: select b1_0.author_id,b1_0.id,b1_0.title from book b1_0 where b1_0.author_id=?
2026-05-20T12:39:19.476-03:00 TRACE 17260 --- [frankenstein-monolith] [           main] org.hibernate.orm.jdbc.bind              : binding parameter (1:BIGINT) <- [9]
2026-05-20T12:39:19.476-03:00 DEBUG 17260 --- [frankenstein-monolith] [           main] org.hibernate.SQL                        : select b1_0.author_id,b1_0.id,b1_0.title from book b1_0 where b1_0.author_id=?
Hibernate: select b1_0.author_id,b1_0.id,b1_0.title from book b1_0 where b1_0.author_id=?
2026-05-20T12:39:19.476-03:00 TRACE 17260 --- [frankenstein-monolith] [           main] org.hibernate.orm.jdbc.bind              : binding parameter (1:BIGINT) <- [10]
2026-05-20T12:39:19.476-03:00 DEBUG 17260 --- [frankenstein-monolith] [           main] org.hibernate.SQL                        : select b1_0.author_id,b1_0.id,b1_0.title from book b1_0 where b1_0.author_id=?
Hibernate: select b1_0.author_id,b1_0.id,b1_0.title from book b1_0 where b1_0.author_id=?
2026-05-20T12:39:19.476-03:00 TRACE 17260 --- [frankenstein-monolith] [           main] org.hibernate.orm.jdbc.bind              : binding parameter (1:BIGINT) <- [11]
2026-05-20T12:39:19.476-03:00 DEBUG 17260 --- [frankenstein-monolith] [           main] org.hibernate.SQL                        : select b1_0.author_id,b1_0.id,b1_0.title from book b1_0 where b1_0.author_id=?
Hibernate: select b1_0.author_id,b1_0.id,b1_0.title from book b1_0 where b1_0.author_id=?
2026-05-20T12:39:19.476-03:00 TRACE 17260 --- [frankenstein-monolith] [           main] org.hibernate.orm.jdbc.bind              : binding parameter (1:BIGINT) <- [12]
2026-05-20T12:39:19.477-03:00 DEBUG 17260 --- [frankenstein-monolith] [           main] org.hibernate.SQL                        : select b1_0.author_id,b1_0.id,b1_0.title from book b1_0 where b1_0.author_id=?
Hibernate: select b1_0.author_id,b1_0.id,b1_0.title from book b1_0 where b1_0.author_id=?
2026-05-20T12:39:19.477-03:00 TRACE 17260 --- [frankenstein-monolith] [           main] org.hibernate.orm.jdbc.bind              : binding parameter (1:BIGINT) <- [13]
2026-05-20T12:39:19.477-03:00 DEBUG 17260 --- [frankenstein-monolith] [           main] org.hibernate.SQL                        : select b1_0.author_id,b1_0.id,b1_0.title from book b1_0 where b1_0.author_id=?
Hibernate: select b1_0.author_id,b1_0.id,b1_0.title from book b1_0 where b1_0.author_id=?
2026-05-20T12:39:19.477-03:00 TRACE 17260 --- [frankenstein-monolith] [           main] org.hibernate.orm.jdbc.bind              : binding parameter (1:BIGINT) <- [14]
2026-05-20T12:39:19.477-03:00 DEBUG 17260 --- [frankenstein-monolith] [           main] org.hibernate.SQL                        : select b1_0.author_id,b1_0.id,b1_0.title from book b1_0 where b1_0.author_id=?
Hibernate: select b1_0.author_id,b1_0.id,b1_0.title from book b1_0 where b1_0.author_id=?
2026-05-20T12:39:19.478-03:00 TRACE 17260 --- [frankenstein-monolith] [           main] org.hibernate.orm.jdbc.bind              : binding parameter (1:BIGINT) <- [15]
2026-05-20T12:39:19.478-03:00 DEBUG 17260 --- [frankenstein-monolith] [           main] org.hibernate.SQL                        : select b1_0.author_id,b1_0.id,b1_0.title from book b1_0 where b1_0.author_id=?
Hibernate: select b1_0.author_id,b1_0.id,b1_0.title from book b1_0 where b1_0.author_id=?
2026-05-20T12:39:19.478-03:00 TRACE 17260 --- [frankenstein-monolith] [           main] org.hibernate.orm.jdbc.bind              : binding parameter (1:BIGINT) <- [16]
2026-05-20T12:39:19.478-03:00 DEBUG 17260 --- [frankenstein-monolith] [           main] org.hibernate.SQL                        : select b1_0.author_id,b1_0.id,b1_0.title from book b1_0 where b1_0.author_id=?
Hibernate: select b1_0.author_id,b1_0.id,b1_0.title from book b1_0 where b1_0.author_id=?
2026-05-20T12:39:19.478-03:00 TRACE 17260 --- [frankenstein-monolith] [           main] org.hibernate.orm.jdbc.bind              : binding parameter (1:BIGINT) <- [17]
2026-05-20T12:39:19.479-03:00 DEBUG 17260 --- [frankenstein-monolith] [           main] org.hibernate.SQL                        : select b1_0.author_id,b1_0.id,b1_0.title from book b1_0 where b1_0.author_id=?
Hibernate: select b1_0.author_id,b1_0.id,b1_0.title from book b1_0 where b1_0.author_id=?
2026-05-20T12:39:19.479-03:00 TRACE 17260 --- [frankenstein-monolith] [           main] org.hibernate.orm.jdbc.bind              : binding parameter (1:BIGINT) <- [18]
2026-05-20T12:39:19.479-03:00 DEBUG 17260 --- [frankenstein-monolith] [           main] org.hibernate.SQL                        : select b1_0.author_id,b1_0.id,b1_0.title from book b1_0 where b1_0.author_id=?
Hibernate: select b1_0.author_id,b1_0.id,b1_0.title from book b1_0 where b1_0.author_id=?
2026-05-20T12:39:19.479-03:00 TRACE 17260 --- [frankenstein-monolith] [           main] org.hibernate.orm.jdbc.bind              : binding parameter (1:BIGINT) <- [19]
2026-05-20T12:39:19.479-03:00 DEBUG 17260 --- [frankenstein-monolith] [           main] org.hibernate.SQL                        : select b1_0.author_id,b1_0.id,b1_0.title from book b1_0 where b1_0.author_id=?
Hibernate: select b1_0.author_id,b1_0.id,b1_0.title from book b1_0 where b1_0.author_id=?
2026-05-20T12:39:19.479-03:00 TRACE 17260 --- [frankenstein-monolith] [           main] org.hibernate.orm.jdbc.bind              : binding parameter (1:BIGINT) <- [20]
2026-05-20T12:39:19.481-03:00 DEBUG 17260 --- [frankenstein-monolith] [           main] org.hibernate.SQL                        : select b1_0.author_id,b1_0.id,b1_0.title from book b1_0 where b1_0.author_id=?
Hibernate: select b1_0.author_id,b1_0.id,b1_0.title from book b1_0 where b1_0.author_id=?
2026-05-20T12:39:19.481-03:00 TRACE 17260 --- [frankenstein-monolith] [           main] org.hibernate.orm.jdbc.bind              : binding parameter (1:BIGINT) <- [21]
2026-05-20T12:39:19.481-03:00 DEBUG 17260 --- [frankenstein-monolith] [           main] org.hibernate.SQL                        : select b1_0.author_id,b1_0.id,b1_0.title from book b1_0 where b1_0.author_id=?
Hibernate: select b1_0.author_id,b1_0.id,b1_0.title from book b1_0 where b1_0.author_id=?
2026-05-20T12:39:19.481-03:00 TRACE 17260 --- [frankenstein-monolith] [           main] org.hibernate.orm.jdbc.bind              : binding parameter (1:BIGINT) <- [22]
2026-05-20T12:39:19.482-03:00 DEBUG 17260 --- [frankenstein-monolith] [           main] org.hibernate.SQL                        : select b1_0.author_id,b1_0.id,b1_0.title from book b1_0 where b1_0.author_id=?
Hibernate: select b1_0.author_id,b1_0.id,b1_0.title from book b1_0 where b1_0.author_id=?
2026-05-20T12:39:19.482-03:00 TRACE 17260 --- [frankenstein-monolith] [           main] org.hibernate.orm.jdbc.bind              : binding parameter (1:BIGINT) <- [23]
2026-05-20T12:39:19.482-03:00 DEBUG 17260 --- [frankenstein-monolith] [           main] org.hibernate.SQL                        : select b1_0.author_id,b1_0.id,b1_0.title from book b1_0 where b1_0.author_id=?
Hibernate: select b1_0.author_id,b1_0.id,b1_0.title from book b1_0 where b1_0.author_id=?
2026-05-20T12:39:19.482-03:00 TRACE 17260 --- [frankenstein-monolith] [           main] org.hibernate.orm.jdbc.bind              : binding parameter (1:BIGINT) <- [24]
2026-05-20T12:39:19.482-03:00 DEBUG 17260 --- [frankenstein-monolith] [           main] org.hibernate.SQL                        : select b1_0.author_id,b1_0.id,b1_0.title from book b1_0 where b1_0.author_id=?
Hibernate: select b1_0.author_id,b1_0.id,b1_0.title from book b1_0 where b1_0.author_id=?
2026-05-20T12:39:19.482-03:00 TRACE 17260 --- [frankenstein-monolith] [           main] org.hibernate.orm.jdbc.bind              : binding parameter (1:BIGINT) <- [25]
2026-05-20T12:39:19.483-03:00 DEBUG 17260 --- [frankenstein-monolith] [           main] org.hibernate.SQL                        : select b1_0.author_id,b1_0.id,b1_0.title from book b1_0 where b1_0.author_id=?
Hibernate: select b1_0.author_id,b1_0.id,b1_0.title from book b1_0 where b1_0.author_id=?
2026-05-20T12:39:19.483-03:00 TRACE 17260 --- [frankenstein-monolith] [           main] org.hibernate.orm.jdbc.bind              : binding parameter (1:BIGINT) <- [26]
2026-05-20T12:39:19.483-03:00 DEBUG 17260 --- [frankenstein-monolith] [           main] org.hibernate.SQL                        : select b1_0.author_id,b1_0.id,b1_0.title from book b1_0 where b1_0.author_id=?
Hibernate: select b1_0.author_id,b1_0.id,b1_0.title from book b1_0 where b1_0.author_id=?
2026-05-20T12:39:19.483-03:00 TRACE 17260 --- [frankenstein-monolith] [           main] org.hibernate.orm.jdbc.bind              : binding parameter (1:BIGINT) <- [27]
2026-05-20T12:39:19.483-03:00 DEBUG 17260 --- [frankenstein-monolith] [           main] org.hibernate.SQL                        : select b1_0.author_id,b1_0.id,b1_0.title from book b1_0 where b1_0.author_id=?
Hibernate: select b1_0.author_id,b1_0.id,b1_0.title from book b1_0 where b1_0.author_id=?
2026-05-20T12:39:19.483-03:00 TRACE 17260 --- [frankenstein-monolith] [           main] org.hibernate.orm.jdbc.bind              : binding parameter (1:BIGINT) <- [28]
2026-05-20T12:39:19.484-03:00 DEBUG 17260 --- [frankenstein-monolith] [           main] org.hibernate.SQL                        : select b1_0.author_id,b1_0.id,b1_0.title from book b1_0 where b1_0.author_id=?
Hibernate: select b1_0.author_id,b1_0.id,b1_0.title from book b1_0 where b1_0.author_id=?
2026-05-20T12:39:19.484-03:00 TRACE 17260 --- [frankenstein-monolith] [           main] org.hibernate.orm.jdbc.bind              : binding parameter (1:BIGINT) <- [29]
2026-05-20T12:39:19.484-03:00 DEBUG 17260 --- [frankenstein-monolith] [           main] org.hibernate.SQL                        : select b1_0.author_id,b1_0.id,b1_0.title from book b1_0 where b1_0.author_id=?
Hibernate: select b1_0.author_id,b1_0.id,b1_0.title from book b1_0 where b1_0.author_id=?
2026-05-20T12:39:19.484-03:00 TRACE 17260 --- [frankenstein-monolith] [           main] org.hibernate.orm.jdbc.bind              : binding parameter (1:BIGINT) <- [30]
2026-05-20T12:39:19.484-03:00 DEBUG 17260 --- [frankenstein-monolith] [           main] org.hibernate.SQL                        : select b1_0.author_id,b1_0.id,b1_0.title from book b1_0 where b1_0.author_id=?
Hibernate: select b1_0.author_id,b1_0.id,b1_0.title from book b1_0 where b1_0.author_id=?
2026-05-20T12:39:19.484-03:00 TRACE 17260 --- [frankenstein-monolith] [           main] org.hibernate.orm.jdbc.bind              : binding parameter (1:BIGINT) <- [31]
2026-05-20T12:39:19.485-03:00 DEBUG 17260 --- [frankenstein-monolith] [           main] org.hibernate.SQL                        : select b1_0.author_id,b1_0.id,b1_0.title from book b1_0 where b1_0.author_id=?
Hibernate: select b1_0.author_id,b1_0.id,b1_0.title from book b1_0 where b1_0.author_id=?
2026-05-20T12:39:19.485-03:00 TRACE 17260 --- [frankenstein-monolith] [           main] org.hibernate.orm.jdbc.bind              : binding parameter (1:BIGINT) <- [32]
2026-05-20T12:39:19.485-03:00 DEBUG 17260 --- [frankenstein-monolith] [           main] org.hibernate.SQL                        : select b1_0.author_id,b1_0.id,b1_0.title from book b1_0 where b1_0.author_id=?
Hibernate: select b1_0.author_id,b1_0.id,b1_0.title from book b1_0 where b1_0.author_id=?
2026-05-20T12:39:19.485-03:00 TRACE 17260 --- [frankenstein-monolith] [           main] org.hibernate.orm.jdbc.bind              : binding parameter (1:BIGINT) <- [33]
2026-05-20T12:39:19.485-03:00 DEBUG 17260 --- [frankenstein-monolith] [           main] org.hibernate.SQL                        : select b1_0.author_id,b1_0.id,b1_0.title from book b1_0 where b1_0.author_id=?
Hibernate: select b1_0.author_id,b1_0.id,b1_0.title from book b1_0 where b1_0.author_id=?
2026-05-20T12:39:19.485-03:00 TRACE 17260 --- [frankenstein-monolith] [           main] org.hibernate.orm.jdbc.bind              : binding parameter (1:BIGINT) <- [34]
2026-05-20T12:39:19.486-03:00 DEBUG 17260 --- [frankenstein-monolith] [           main] org.hibernate.SQL                        : select b1_0.author_id,b1_0.id,b1_0.title from book b1_0 where b1_0.author_id=?
Hibernate: select b1_0.author_id,b1_0.id,b1_0.title from book b1_0 where b1_0.author_id=?
2026-05-20T12:39:19.486-03:00 TRACE 17260 --- [frankenstein-monolith] [           main] org.hibernate.orm.jdbc.bind              : binding parameter (1:BIGINT) <- [35]
2026-05-20T12:39:19.486-03:00 DEBUG 17260 --- [frankenstein-monolith] [           main] org.hibernate.SQL                        : select b1_0.author_id,b1_0.id,b1_0.title from book b1_0 where b1_0.author_id=?
Hibernate: select b1_0.author_id,b1_0.id,b1_0.title from book b1_0 where b1_0.author_id=?
2026-05-20T12:39:19.486-03:00 TRACE 17260 --- [frankenstein-monolith] [           main] org.hibernate.orm.jdbc.bind              : binding parameter (1:BIGINT) <- [36]
2026-05-20T12:39:19.486-03:00 DEBUG 17260 --- [frankenstein-monolith] [           main] org.hibernate.SQL                        : select b1_0.author_id,b1_0.id,b1_0.title from book b1_0 where b1_0.author_id=?
Hibernate: select b1_0.author_id,b1_0.id,b1_0.title from book b1_0 where b1_0.author_id=?
2026-05-20T12:39:19.487-03:00 TRACE 17260 --- [frankenstein-monolith] [           main] org.hibernate.orm.jdbc.bind              : binding parameter (1:BIGINT) <- [37]
2026-05-20T12:39:19.487-03:00 DEBUG 17260 --- [frankenstein-monolith] [           main] org.hibernate.SQL                        : select b1_0.author_id,b1_0.id,b1_0.title from book b1_0 where b1_0.author_id=?
Hibernate: select b1_0.author_id,b1_0.id,b1_0.title from book b1_0 where b1_0.author_id=?
2026-05-20T12:39:19.487-03:00 TRACE 17260 --- [frankenstein-monolith] [           main] org.hibernate.orm.jdbc.bind              : binding parameter (1:BIGINT) <- [38]
2026-05-20T12:39:19.487-03:00 DEBUG 17260 --- [frankenstein-monolith] [           main] org.hibernate.SQL                        : select b1_0.author_id,b1_0.id,b1_0.title from book b1_0 where b1_0.author_id=?
Hibernate: select b1_0.author_id,b1_0.id,b1_0.title from book b1_0 where b1_0.author_id=?
2026-05-20T12:39:19.487-03:00 TRACE 17260 --- [frankenstein-monolith] [           main] org.hibernate.orm.jdbc.bind              : binding parameter (1:BIGINT) <- [39]
2026-05-20T12:39:19.488-03:00 DEBUG 17260 --- [frankenstein-monolith] [           main] org.hibernate.SQL                        : select b1_0.author_id,b1_0.id,b1_0.title from book b1_0 where b1_0.author_id=?
Hibernate: select b1_0.author_id,b1_0.id,b1_0.title from book b1_0 where b1_0.author_id=?
2026-05-20T12:39:19.488-03:00 TRACE 17260 --- [frankenstein-monolith] [           main] org.hibernate.orm.jdbc.bind              : binding parameter (1:BIGINT) <- [40]
2026-05-20T12:39:19.488-03:00 DEBUG 17260 --- [frankenstein-monolith] [           main] org.hibernate.SQL                        : select b1_0.author_id,b1_0.id,b1_0.title from book b1_0 where b1_0.author_id=?
Hibernate: select b1_0.author_id,b1_0.id,b1_0.title from book b1_0 where b1_0.author_id=?
2026-05-20T12:39:19.489-03:00 TRACE 17260 --- [frankenstein-monolith] [           main] org.hibernate.orm.jdbc.bind              : binding parameter (1:BIGINT) <- [41]
2026-05-20T12:39:19.489-03:00 DEBUG 17260 --- [frankenstein-monolith] [           main] org.hibernate.SQL                        : select b1_0.author_id,b1_0.id,b1_0.title from book b1_0 where b1_0.author_id=?
Hibernate: select b1_0.author_id,b1_0.id,b1_0.title from book b1_0 where b1_0.author_id=?
2026-05-20T12:39:19.489-03:00 TRACE 17260 --- [frankenstein-monolith] [           main] org.hibernate.orm.jdbc.bind              : binding parameter (1:BIGINT) <- [42]
2026-05-20T12:39:19.489-03:00 DEBUG 17260 --- [frankenstein-monolith] [           main] org.hibernate.SQL                        : select b1_0.author_id,b1_0.id,b1_0.title from book b1_0 where b1_0.author_id=?
Hibernate: select b1_0.author_id,b1_0.id,b1_0.title from book b1_0 where b1_0.author_id=?
2026-05-20T12:39:19.489-03:00 TRACE 17260 --- [frankenstein-monolith] [           main] org.hibernate.orm.jdbc.bind              : binding parameter (1:BIGINT) <- [43]
2026-05-20T12:39:19.490-03:00 DEBUG 17260 --- [frankenstein-monolith] [           main] org.hibernate.SQL                        : select b1_0.author_id,b1_0.id,b1_0.title from book b1_0 where b1_0.author_id=?
Hibernate: select b1_0.author_id,b1_0.id,b1_0.title from book b1_0 where b1_0.author_id=?
2026-05-20T12:39:19.490-03:00 TRACE 17260 --- [frankenstein-monolith] [           main] org.hibernate.orm.jdbc.bind              : binding parameter (1:BIGINT) <- [44]
2026-05-20T12:39:19.490-03:00 DEBUG 17260 --- [frankenstein-monolith] [           main] org.hibernate.SQL                        : select b1_0.author_id,b1_0.id,b1_0.title from book b1_0 where b1_0.author_id=?
Hibernate: select b1_0.author_id,b1_0.id,b1_0.title from book b1_0 where b1_0.author_id=?
2026-05-20T12:39:19.490-03:00 TRACE 17260 --- [frankenstein-monolith] [           main] org.hibernate.orm.jdbc.bind              : binding parameter (1:BIGINT) <- [45]
2026-05-20T12:39:19.490-03:00 DEBUG 17260 --- [frankenstein-monolith] [           main] org.hibernate.SQL                        : select b1_0.author_id,b1_0.id,b1_0.title from book b1_0 where b1_0.author_id=?
Hibernate: select b1_0.author_id,b1_0.id,b1_0.title from book b1_0 where b1_0.author_id=?
2026-05-20T12:39:19.490-03:00 TRACE 17260 --- [frankenstein-monolith] [           main] org.hibernate.orm.jdbc.bind              : binding parameter (1:BIGINT) <- [46]
2026-05-20T12:39:19.490-03:00 DEBUG 17260 --- [frankenstein-monolith] [           main] org.hibernate.SQL                        : select b1_0.author_id,b1_0.id,b1_0.title from book b1_0 where b1_0.author_id=?
Hibernate: select b1_0.author_id,b1_0.id,b1_0.title from book b1_0 where b1_0.author_id=?
2026-05-20T12:39:19.490-03:00 TRACE 17260 --- [frankenstein-monolith] [           main] org.hibernate.orm.jdbc.bind              : binding parameter (1:BIGINT) <- [47]
2026-05-20T12:39:19.490-03:00 DEBUG 17260 --- [frankenstein-monolith] [           main] org.hibernate.SQL                        : select b1_0.author_id,b1_0.id,b1_0.title from book b1_0 where b1_0.author_id=?
Hibernate: select b1_0.author_id,b1_0.id,b1_0.title from book b1_0 where b1_0.author_id=?
2026-05-20T12:39:19.490-03:00 TRACE 17260 --- [frankenstein-monolith] [           main] org.hibernate.orm.jdbc.bind              : binding parameter (1:BIGINT) <- [48]
2026-05-20T12:39:19.491-03:00 DEBUG 17260 --- [frankenstein-monolith] [           main] org.hibernate.SQL                        : select b1_0.author_id,b1_0.id,b1_0.title from book b1_0 where b1_0.author_id=?
Hibernate: select b1_0.author_id,b1_0.id,b1_0.title from book b1_0 where b1_0.author_id=?
2026-05-20T12:39:19.491-03:00 TRACE 17260 --- [frankenstein-monolith] [           main] org.hibernate.orm.jdbc.bind              : binding parameter (1:BIGINT) <- [49]
2026-05-20T12:39:19.492-03:00 DEBUG 17260 --- [frankenstein-monolith] [           main] org.hibernate.SQL                        : select b1_0.author_id,b1_0.id,b1_0.title from book b1_0 where b1_0.author_id=?
Hibernate: select b1_0.author_id,b1_0.id,b1_0.title from book b1_0 where b1_0.author_id=?
2026-05-20T12:39:19.492-03:00 TRACE 17260 --- [frankenstein-monolith] [           main] org.hibernate.orm.jdbc.bind              : binding parameter (1:BIGINT) <- [50]
2026-05-20T12:39:19.495-03:00  INFO 17260 --- [frankenstein-monolith] [           main] i.StatisticalLoggingSessionEventListener : Session Metrics {
    536100 nanoseconds spent acquiring 1 JDBC connections;
    0 nanoseconds spent releasing 0 JDBC connections;
    1190700 nanoseconds spent preparing 52 JDBC statements;
    4445300 nanoseconds spent executing 52 JDBC statements;
    0 nanoseconds spent executing 0 JDBC batches;
    0 nanoseconds spent performing 0 L2C puts;
    0 nanoseconds spent performing 0 L2C hits;
    0 nanoseconds spent performing 0 L2C misses;
    0 nanoseconds spent executing 0 flushes (flushing a total of 0 entities and 0 collections);
    13700 nanoseconds spent executing 2 partial-flushes (flushing a total of 0 entities and 0 collections)
}
]]></system-out>
  </testcase>
</testsuite>